#
# A fatal error has been detected by the Java Runtime Environment:
#
#  EXCEPTION_ACCESS_VIOLATION (0xc0000005) at pc=0x000002939de7ae39, pid=17400, tid=4772
#
# JRE version: OpenJDK Runtime Environment Temurin-21.0.2+13 (21.0.2+13) (build 21.0.2+13-LTS)
# Java VM: OpenJDK 64-Bit Server VM Temurin-21.0.2+13 (21.0.2+13-LTS, mixed mode, emulated-client, sharing, tiered, compressed oops, compressed class ptrs, g1 gc, windows-amd64)
# Problematic frame:
# v  ~BufferBlob::MethodHandles adapters 0x000002939de7ae39
#
# No core dump will be written. Minidumps are not enabled by default on client versions of Windows
#
# If you would like to submit a bug report, please visit:
#   https://github.com/adoptium/adoptium-support/issues
#

---------------  S U M M A R Y ------------

Command Line: -XX:+ShowCodeDetailsInExceptionMessages -agentlib:jdwp=transport=dt_socket,suspend=y,address=localhost:54829 -Dcom.sun.management.jmxremote -Dcom.sun.management.jmxremote.port=54827 -Dcom.sun.management.jmxremote.authenticate=false -Dcom.sun.management.jmxremote.ssl=false -Djava.rmi.server.hostname=localhost -Dspring.jmx.enabled=true -Dmanagement.endpoints.jmx.exposure.include=* -Dspring.application.admin.enabled=true -XX:TieredStopAtLevel=1 -Dspring.boot.project.name=sampleweb -javaagent:C:\pleiades\2023-12\eclipse\configuration\org.eclipse.osgi\249\0\.cp\lib\javaagent-shaded.jar -Dfile.encoding=UTF-8 -Dstdout.encoding=UTF-8 -Dstderr.encoding=UTF-8 com.example.sampleweb.SamplewebApplication --spring.output.ansi.enabled=always

Host: 11th Gen Intel(R) Core(TM) i7-1165G7 @ 2.80GHz, 8 cores, 15G,  Windows 11 , 64 bit Build 22621 (10.0.22621.3672)
Time: Thu Jul  4 13:06:05 2024  Windows 11 , 64 bit Build 22621 (10.0.22621.3672) elapsed time: 4997.437493 seconds (0d 1h 23m 17s)

---------------  T H R E A D  ---------------

Current thread (0x00000293f09865b0):  JavaThread "restartedMain"        [_thread_in_Java, id=4772, stack(0x000000af26d00000,0x000000af26e00000) (1024K)]

Stack: [0x000000af26d00000,0x000000af26e00000],  sp=0x000000af26dfdd68,  free space=1015k
Native frames: (J=compiled Java code, j=interpreted, Vv=VM code, C=native code)
C  0x000002939de7ae39

The last pc belongs to _linkToSpecial (printed below).

siginfo: EXCEPTION_ACCESS_VIOLATION (0xc0000005), reading address 0x0000000800000008


Registers:
RAX=0x000002939de49086, RBX=0x00000007fffffff8, RCX=0x000000af26dfdd88, RDX=0x0000000000000005
RSP=0x000000af26dfdd68, RBP=0x000000af26dfddd0, RSI=0x00000293efe34fb8, RDI=0x00000293eebf0f70
R8 =0x0000000000000004, R9 =0x0000000000000004, R10=0x00007fffa5642ab0, R11=0x00000293a90b6328
R12=0x0000000000000000, R13=0x000000af26dfdd68, R14=0x000000af26dfde08, R15=0x00000293f09865b0
RIP=0x000002939de7ae39, EFLAGS=0x0000000000010202


Register to memory mapping:

RAX=0x000002939de49086 is at code_begin+3078 in an Interpreter codelet
return entry points  [0x000002939de48480, 0x000002939de4a298]  7704 bytes
RBX=0x00000007fffffff8 is an unallocated location in the heap
RCX=0x000000af26dfdd88 is pointing into the stack for thread: 0x00000293f09865b0
RDX=0x0000000000000005 is an unknown value
RSP=0x000000af26dfdd68 is pointing into the stack for thread: 0x00000293f09865b0
RBP=0x000000af26dfddd0 is pointing into the stack for thread: 0x00000293f09865b0
RSI=0x00000293efe34fb8 points into unknown readable memory: 0x88000e6ddda6ea4e | 4e ea a6 dd 6d 0e 00 88
RDI=0x00000293eebf0f70 points into unknown readable memory: 0x00000030000000a0 | a0 00 00 00 30 00 00 00
R8 =0x0000000000000004 is an unknown value
R9 =0x0000000000000004 is an unknown value
R10=0x00007fffa5642ab0 jvm.dll
R11={method} {0x00000293a90b6330} 'newInvokeSpecial' '(Ljava/lang/Object;Ljava/lang/Object;Ljava/lang/Object;Ljava/lang/Object;)Ljava/lang/Object;' in 'java/lang/invoke/DirectMethodHandle$Holder'
R12=0x0 is null
R13=0x000000af26dfdd68 is pointing into the stack for thread: 0x00000293f09865b0
R14=0x000000af26dfde08 is pointing into the stack for thread: 0x00000293f09865b0
R15=0x00000293f09865b0 is a thread

Top of Stack: (sp=0x000000af26dfdd68)
0x000000af26dfdd68:   000002939de49086 0000000708ecd870
0x000000af26dfdd78:   0000000708cbc368 0000000708cbdfa8
0x000000af26dfdd88:   000000af26dfdd88 00000293a972ceee
0x000000af26dfdd98:   0000000000000007 00000293a90b18e8
0x000000af26dfdda8:   0000000704d7ff60 00000007047c3f50
0x000000af26dfddb8:   00000293a90b6328 000000af26dfdd68
0x000000af26dfddc8:   000000af26dfde10 000000af26dfde80
0x000000af26dfddd8:   000002939de4958b 0000000708cbdad0
0x000000af26dfdde8:   0000000708cbdfa8 000000070717f468
0x000000af26dfddf8:   0000000708ecd870 0000000708cbc368
0x000000af26dfde08:   0000000708cbdb00 000002939de4958b
0x000000af26dfde18:   000000070717f468 0000000708ecd870
0x000000af26dfde28:   0000000708cbc368 0000000708cbdb00
0x000000af26dfde38:   000000af26dfde38 00000293eb7acf01
0x000000af26dfde48:   000000000000000c 00000293eb7ad058
0x000000af26dfde58:   0000000000000000 0000000705e6a1c8
0x000000af26dfde68:   00000293eb7acf10 000000af26dfde18
0x000000af26dfde78:   000000af26dfdec8 000000af26dfdf30
0x000000af26dfde88:   000002939de4958b 0000000708cbdb00
0x000000af26dfde98:   0000000708cbc368 0000000708cbdd08
0x000000af26dfdea8:   0000000708ecd870 0000000708cbde08
0x000000af26dfdeb8:   000000070717f468 0000000708cbdf10
0x000000af26dfdec8:   000000070717f468 0000000708ecd870
0x000000af26dfded8:   0000000708cbc368 0000000708cbdf60
0x000000af26dfdee8:   000000af26dfdee8 00000293ea40ea9e
0x000000af26dfdef8:   0000000000000006 00000293ea40ebf0
0x000000af26dfdf08:   0000000000000000 000000070481cd20
0x000000af26dfdf18:   00000293ea40eab0 000000af26dfdec8
0x000000af26dfdf28:   000000af26dfdf70 000000af26dfe2c8
0x000000af26dfdf38:   000002939e203f3a 00000007047c30c0
0x000000af26dfdf48:   000000070717f468 0000000708ecd870
0x000000af26dfdf58:   0000000708cbc368 0000000708cbdf60 

Instructions: (pc=0x000002939de7ae39)
0x000002939de7ad39:   03 8b 5b 24 48 c1 e3 03 48 8b 5b 10 48 85 db 0f
0x000002939de7ad49:   84 10 00 00 00 41 80 bf e0 05 00 00 00 74 03 ff
0x000002939de7ad59:   63 38 ff 63 50 e9 9d 16 00 00 66 66 66 0f 1f 84
0x000002939de7ad69:   00 00 00 00 00 66 66 66 90 66 66 0f 1f 84 00 00
0x000002939de7ad79:   00 00 00 66 66 66 90 48 8b 53 08 0f b7 52 2e 48
0x000002939de7ad89:   8b 0c d4 58 5b 50 44 8b 51 08 49 bb 00 00 00 a9
0x000002939de7ad99:   93 02 00 00 4d 03 d3 4c 8b 5b 10 4b 8b 9c da c8
0x000002939de7ada9:   01 00 00 48 85 db 0f 84 10 00 00 00 41 80 bf e0
0x000002939de7adb9:   05 00 00 00 74 03 ff 63 38 ff 63 50 e9 36 16 00
0x000002939de7adc9:   00 66 66 66 0f 1f 84 00 00 00 00 00 66 66 66 90
0x000002939de7add9:   0f 1f 80 00 00 00 00 58 5b 50 8b 5b 24 48 c1 e3
0x000002939de7ade9:   03 48 8b 5b 10 48 85 db 0f 84 10 00 00 00 41 80
0x000002939de7adf9:   bf e0 05 00 00 00 74 03 ff 63 38 ff 63 50 e9 f4
0x000002939de7ae09:   15 00 00 66 66 66 0f 1f 84 00 00 00 00 00 66 66
0x000002939de7ae19:   66 90 0f 1f 44 00 00 48 8b 53 08 0f b7 52 2e 48
0x000002939de7ae29:   8b 0c d4 58 5b 50 48 3b 01 8b 5b 24 48 c1 e3 03
0x000002939de7ae39:   48 8b 5b 10 48 85 db 0f 84 10 00 00 00 41 80 bf
0x000002939de7ae49:   e0 05 00 00 00 74 03 ff 63 38 ff 63 50 e9 a5 15
0x000002939de7ae59:   00 00 0f 1f 44 00 00 48 8b 53 08 0f b7 52 2e 48
0x000002939de7ae69:   8b 0c d4 58 5b 50 44 8b 51 08 49 bb 00 00 00 a9
0x000002939de7ae79:   93 02 00 00 4d 03 d3 8b 43 18 48 c1 e0 03 48 8b
0x000002939de7ae89:   40 10 48 8b 5b 10 45 8b 9a a0 00 00 00 4f 8d 9c
0x000002939de7ae99:   da c8 01 00 00 4d 8d 14 da 49 8b 1b 48 3b c3 74
0x000002939de7aea9:   15 48 85 db 0f 84 32 00 00 00 49 83 c3 10 49 8b
0x000002939de7aeb9:   1b 48 3b c3 75 eb 45 8b 5b 08 4b 8b 1c 1a 48 85
0x000002939de7aec9:   db 0f 84 10 00 00 00 41 80 bf e0 05 00 00 00 74
0x000002939de7aed9:   03 ff 63 38 ff 63 50 e9 1b 15 00 00 e9 16 12 00
0x000002939de7aee9:   00 f4 00 00 00 00 00 00 00 00 00 00 00 00 00 00
0x000002939de7aef9:   00 00 00 00 00 00 00 00 00 00 00 00 00 00 00 00
0x000002939de7af09:   00 00 00 00 00 00 00 00 00 00 00 00 00 00 00 00
0x000002939de7af19:   00 00 00 00 00 00 00 00 00 00 00 00 00 00 00 00
0x000002939de7af29:   00 00 00 00 00 00 00 00 00 00 00 00 00 00 00 00 


Stack slot to memory mapping:

stack at sp + 0 slots: 0x000002939de49086 is at code_begin+3078 in an Interpreter codelet
return entry points  [0x000002939de48480, 0x000002939de4a298]  7704 bytes
stack at sp + 1 slots: 0x0000000708ecd870 is an oop: org.dozer.DozerBeanMapper 
{0x0000000708ecd870} - klass: 'org/dozer/DozerBeanMapper'
 - ---- fields (total size 9 words):
 - private final 'log' 'Lorg/slf4j/Logger;' @12  a 'ch/qos/logback/classic/Logger'{0x000000070559f8b8} (0xe0ab3f17)
 - private final 'statsMgr' 'Lorg/dozer/stats/StatisticsManager;' @16  a 'org/dozer/stats/StatisticsManagerImpl'{0x000000070566eff8} (0xe0acddff)
 - private final 'initializing' 'Ljava/util/concurrent/atomic/AtomicBoolean;' @20  a 'java/util/concurrent/atomic/AtomicBoolean'{0x0000000708ecd8b8} (0xe11d9b17)
 - private final 'ready' 'Ljava/util/concurrent/CountDownLatch;' @24  a 'java/util/concurrent/CountDownLatch'{0x0000000708ecd8c8} (0xe11d9b19)
 - private final 'mappingFiles' 'Ljava/util/List;' @28  a 'java/util/ArrayList'{0x0000000708ecd8f8} (0xe11d9b1f)
 - private final 'customConverters' 'Ljava/util/List;' @32  a 'java/util/ArrayList'{0x0000000708ecd910} (0xe11d9b22)
 - private final 'builderMappings' 'Ljava/util/List;' @36  a 'java/util/ArrayList'{0x0000000708ecd928} (0xe11d9b25)
 - private final 'eventListeners' 'Ljava/util/List;' @40  a 'java/util/ArrayList'{0x0000000708ecd940} (0xe11d9b28)
 - private final 'customConvertersWithId' 'Ljava/util/Map;' @44  a 'java/util/HashMap'{0x0000000708ecd958} (0xe11d9b2b)
 - private 'customFieldMapper' 'Lorg/dozer/CustomFieldMapper;' @48  null (0x00000000)
 - private 'customMappings' 'Lorg/dozer/classmap/ClassMappings;' @52  null (0x00000000)
 - private 'globalConfiguration' 'Lorg/dozer/classmap/Configuration;' @56  null (0x00000000)
 - private final 'cacheManager' 'Lorg/dozer/cache/CacheManager;' @60  a 'org/dozer/cache/DozerCacheManager'{0x0000000708ecd988} (0xe11d9b31)
 - private 'eventManager' 'Lorg/dozer/event/DozerEventManager;' @64  null (0x00000000)
stack at sp + 2 slots: 0x0000000708cbc368 is an oop: com.example.sampleweb.service.UserListServiceImpl$$SpringCGLIB$$0 
{0x0000000708cbc368} - klass: 'com/example/sampleweb/service/UserListServiceImpl$$SpringCGLIB$$0'
 - ---- fields (total size 7 words):
 - private final 'repository' 'Lcom/example/sampleweb/repository/UserInfoRepository;' @12  null (0x00000000)
 - private final 'mapper' 'Lorg/dozer/Mapper;' @16  null (0x00000000)
 - private 'CGLIB$BOUND' 'Z' @20  false (0x00)
 - private 'CGLIB$CALLBACK_0' 'Lorg/springframework/cglib/proxy/MethodInterceptor;' @24  a 'org/springframework/aop/framework/CglibAopProxy$DynamicAdvisedInterceptor'{0x0000000708c47418} (0xe1188e83)
 - private 'CGLIB$CALLBACK_1' 'Lorg/springframework/cglib/proxy/MethodInterceptor;' @28  a 'org/springframework/aop/framework/CglibAopProxy$StaticUnadvisedInterceptor'{0x0000000708c47428} (0xe1188e85)
 - private 'CGLIB$CALLBACK_2' 'Lorg/springframework/cglib/proxy/NoOp;' @32  a 'org/springframework/aop/framework/CglibAopProxy$SerializableNoOp'{0x0000000708c47478} (0xe1188e8f)
 - private 'CGLIB$CALLBACK_3' 'Lorg/springframework/cglib/proxy/Dispatcher;' @36  a 'org/springframework/aop/framework/CglibAopProxy$StaticDispatcher'{0x0000000708c47438} (0xe1188e87)
 - private 'CGLIB$CALLBACK_4' 'Lorg/springframework/cglib/proxy/Dispatcher;' @40  a 'org/springframework/aop/framework/CglibAopProxy$AdvisedDispatcher'{0x0000000708c46ff8} (0xe1188dff)
 - private 'CGLIB$CALLBACK_5' 'Lorg/springframework/cglib/proxy/MethodInterceptor;' @44  a 'org/springframework/aop/framework/CglibAopProxy$EqualsInterceptor'{0x0000000708c47488} (0xe1188e91)
 - private 'CGLIB$CALLBACK_6' 'Lorg/springframework/cglib/proxy/MethodInterceptor;' @48  a 'org/springframework/aop/framework/CglibAopProxy$HashCodeInterceptor'{0x0000000708c47498} (0xe1188e93)
stack at sp + 3 slots: 0x0000000708cbdfa8 is an oop: com.example.sampleweb.controller.UserListController 
{0x0000000708cbdfa8} - klass: 'com/example/sampleweb/controller/UserListController'
 - ---- fields (total size 3 words):
 - private final 'service' 'Lcom/example/sampleweb/service/UserListService;' @12  null (0x00000000)
 - private final 'mapper' 'Lorg/dozer/Mapper;' @16  null (0x00000000)
 - private final 'messageSource' 'Lorg/springframework/context/MessageSource;' @20  null (0x00000000)
stack at sp + 4 slots: 0x000000af26dfdd88 is pointing into the stack for thread: 0x00000293f09865b0
stack at sp + 5 slots: 0x00000293a972ceee is pointing into metadata
stack at sp + 6 slots: 0x0000000000000007 is an unknown value
stack at sp + 7 slots: 0x00000293a90b18e8 is pointing into metadata

MethodHandle::interpreter_entry::_linkToSpecial [0x000002939de7ae0c, 0x000002939de7ae5b] (79 bytes)
[MachCode]
  0x000002939de7ae0c: 6666 660f | 1f84 0000 | 0000 0066 | 6666 900f | 1f44 0000 | 488b 5308 | 0fb7 522e | 488b 0cd4 
  0x000002939de7ae2c: 585b 5048 | 3b01 8b5b | 2448 c1e3 | 0348 8b5b | 1048 85db | 0f84 1000 | 0000 4180 | bfe0 0500 
  0x000002939de7ae4c: 0000 7403 | ff63 38ff | 6350 e9a5 | 
[/MachCode]

---------------  P R O C E S S  ---------------

Threads class SMR info:
_java_thread_list=0x00000293f13e1a20, length=35, elements={
0x00000293a88dbf20, 0x00000293a88dca50, 0x00000293a88dd910, 0x00000293a88e0430,
0x00000293a88e7d50, 0x00000293a88ea3d0, 0x00000293a88f9fb0, 0x00000293a8a483f0,
0x00000293a8b2fb70, 0x00000293a8b51b40, 0x00000293a8b52210, 0x00000293ee5bbff0,
0x00000293ee84c010, 0x00000293ee85c7d0, 0x00000293ee85fb00, 0x00000293eeb138b0,
0x00000293a8b542e0, 0x00000293f09844e0, 0x00000293a8b528a0, 0x00000293f0981060,
0x00000293f1cdd7a0, 0x00000293f1cdc3f0, 0x00000293a8b54970, 0x00000293a8b55000,
0x00000293f1cdb6d0, 0x00000293f0986c40, 0x00000293f09865b0, 0x00000293f0987960,
0x00000293f0985f20, 0x00000293f0983130, 0x00000293f0984b70, 0x00000293a8ab26b0,
0x00000293f0985890, 0x00000293a8ab1910, 0x00000293f1f30ff0
}

Java Threads: ( => current thread )
  0x00000293a88dbf20 JavaThread "Reference Handler"          daemon [_thread_blocked, id=7116, stack(0x000000af25300000,0x000000af25400000) (1024K)]
  0x00000293a88dca50 JavaThread "Finalizer"                  daemon [_thread_blocked, id=6708, stack(0x000000af25400000,0x000000af25500000) (1024K)]
  0x00000293a88dd910 JavaThread "Signal Dispatcher"          daemon [_thread_blocked, id=808, stack(0x000000af25500000,0x000000af25600000) (1024K)]
  0x00000293a88e0430 JavaThread "Attach Listener"            daemon [_thread_blocked, id=8800, stack(0x000000af25600000,0x000000af25700000) (1024K)]
  0x00000293a88e7d50 JavaThread "Service Thread"             daemon [_thread_blocked, id=11048, stack(0x000000af25700000,0x000000af25800000) (1024K)]
  0x00000293a88ea3d0 JavaThread "Monitor Deflation Thread"   daemon [_thread_blocked, id=16376, stack(0x000000af25800000,0x000000af25900000) (1024K)]
  0x00000293a88f9fb0 JavaThread "C1 CompilerThread0"         daemon [_thread_blocked, id=15784, stack(0x000000af25900000,0x000000af25a00000) (1024K)]
  0x00000293a8a483f0 JavaThread "Common-Cleaner"             daemon [_thread_blocked, id=14592, stack(0x000000af25a00000,0x000000af25b00000) (1024K)]
  0x00000293a8b2fb70 JavaThread "JDWP Transport Listener: dt_socket" daemon [_thread_blocked, id=15472, stack(0x000000af25d00000,0x000000af25e00000) (1024K)]
  0x00000293a8b51b40 JavaThread "JDWP Event Helper Thread"   daemon [_thread_blocked, id=15220, stack(0x000000af25e00000,0x000000af25f00000) (1024K)]
  0x00000293a8b52210 JavaThread "JDWP Command Reader"        daemon [_thread_blocked, id=11956, stack(0x000000af25f00000,0x000000af26000000) (1024K)]
  0x00000293ee5bbff0 JavaThread "Notification Thread"        daemon [_thread_blocked, id=16528, stack(0x000000af26000000,0x000000af26100000) (1024K)]
  0x00000293ee84c010 JavaThread "RMI TCP Accept-0"           daemon [_thread_in_native, id=11420, stack(0x000000af26800000,0x000000af26900000) (1024K)]
  0x00000293ee85c7d0 JavaThread "RMI TCP Accept-54827"       daemon [_thread_in_native, id=10832, stack(0x000000af26900000,0x000000af26a00000) (1024K)]
  0x00000293ee85fb00 JavaThread "RMI TCP Accept-0"           daemon [_thread_in_native, id=13224, stack(0x000000af26a00000,0x000000af26b00000) (1024K)]
  0x00000293eeb138b0 JavaThread "RMI Scheduler(0)"           daemon [_thread_blocked, id=16148, stack(0x000000af26c00000,0x000000af26d00000) (1024K)]
  0x00000293a8b542e0 JavaThread "mysql-cj-abandoned-connection-cleanup" daemon [_thread_blocked, id=1120, stack(0x000000af27600000,0x000000af27700000) (1024K)]
  0x00000293f09844e0 JavaThread "Live Reload Server"         daemon [_thread_in_native, id=4728, stack(0x000000af27c00000,0x000000af27d00000) (1024K)]
  0x00000293a8b528a0 JavaThread "DestroyJavaVM"                     [_thread_blocked, id=16524, stack(0x000000af24b00000,0x000000af24c00000) (1024K)]
  0x00000293f0981060 JavaThread "File Watcher"               daemon [_thread_blocked, id=2400, stack(0x000000af25c00000,0x000000af25d00000) (1024K)]
  0x00000293f1cdd7a0 JavaThread "RMI TCP Connection(43)-127.0.0.1" daemon [_thread_in_native, id=19096, stack(0x000000af24800000,0x000000af24900000) (1024K)]
  0x00000293f1cdc3f0 JavaThread "JMX server connection timeout 147" daemon [_thread_blocked, id=19072, stack(0x000000af24900000,0x000000af24a00000) (1024K)]
  0x00000293a8b54970 JavaThread "RMI TCP Connection(idle)"   daemon [_thread_blocked, id=16248, stack(0x000000af28500000,0x000000af28600000) (1024K)]
  0x00000293a8b55000 JavaThread "RMI TCP Connection(45)-127.0.0.1" daemon [_thread_in_native, id=18044, stack(0x000000af25b00000,0x000000af25c00000) (1024K)]
  0x00000293f1cdb6d0 JavaThread "RMI TCP Connection(46)-127.0.0.1" daemon [_thread_in_native, id=14572, stack(0x000000af28600000,0x000000af28700000) (1024K)]
  0x00000293f0986c40 JavaThread "Thread-18"                         [_thread_blocked, id=18340, stack(0x000000af26b00000,0x000000af26c00000) (1024K)]
=>0x00000293f09865b0 JavaThread "restartedMain"                     [_thread_in_Java, id=4772, stack(0x000000af26d00000,0x000000af26e00000) (1024K)]
  0x00000293f0987960 JavaThread "Catalina-utility-1"                [_thread_blocked, id=12100, stack(0x000000af26e00000,0x000000af26f00000) (1024K)]
  0x00000293f0985f20 JavaThread "Catalina-utility-2"                [_thread_blocked, id=16732, stack(0x000000af26f00000,0x000000af27000000) (1024K)]
  0x00000293f0983130 JavaThread "container-1"                       [_thread_blocked, id=13892, stack(0x000000af27000000,0x000000af27100000) (1024K)]
  0x00000293f0984b70 JavaThread "HikariPool-6 housekeeper"   daemon [_thread_blocked, id=17808, stack(0x000000af27100000,0x000000af27200000) (1024K)]
  0x00000293a8ab26b0 JavaThread "C1 CompilerThread1"         daemon [_thread_blocked, id=18636, stack(0x000000af27200000,0x000000af27300000) (1024K)]
  0x00000293f0985890 JavaThread "HikariPool-6 connection adder" daemon [_thread_blocked, id=12536, stack(0x000000af27400000,0x000000af27500000) (1024K)]
  0x00000293a8ab1910 JavaThread "C1 CompilerThread2"         daemon [_thread_blocked, id=18448, stack(0x000000af27500000,0x000000af27600000) (1024K)]
  0x00000293f1f30ff0 JavaThread "C1 CompilerThread3"         daemon [_thread_blocked, id=12864, stack(0x000000af27700000,0x000000af27800000) (1024K)]
Total: 35

Other Threads:
  0x00000293a88bbce0 VMThread "VM Thread"                           [id=13308, stack(0x000000af25200000,0x000000af25300000) (1024K)] _threads_hazard_ptr=0x00000293f13e1a20
  0x00000293a88aa660 WatcherThread "VM Periodic Task Thread"        [id=16612, stack(0x000000af25100000,0x000000af25200000) (1024K)]
  0x00000293957e0550 WorkerThread "GC Thread#0"                     [id=17100, stack(0x000000af24c00000,0x000000af24d00000) (1024K)]
  0x00000293ee797f50 WorkerThread "GC Thread#1"                     [id=12484, stack(0x000000af26100000,0x000000af26200000) (1024K)]
  0x00000293ee79ae10 WorkerThread "GC Thread#2"                     [id=15148, stack(0x000000af26200000,0x000000af26300000) (1024K)]
  0x00000293ee79b1b0 WorkerThread "GC Thread#3"                     [id=16288, stack(0x000000af26300000,0x000000af26400000) (1024K)]
  0x00000293ee81e090 WorkerThread "GC Thread#4"                     [id=17080, stack(0x000000af26400000,0x000000af26500000) (1024K)]
  0x00000293ee81e430 WorkerThread "GC Thread#5"                     [id=6520, stack(0x000000af26500000,0x000000af26600000) (1024K)]
  0x00000293ee7aaa80 WorkerThread "GC Thread#6"                     [id=15252, stack(0x000000af26600000,0x000000af26700000) (1024K)]
  0x00000293ee7aae20 WorkerThread "GC Thread#7"                     [id=6816, stack(0x000000af26700000,0x000000af26800000) (1024K)]
  0x00000293957f11b0 ConcurrentGCThread "G1 Main Marker"            [id=6196, stack(0x000000af24d00000,0x000000af24e00000) (1024K)]
  0x00000293957f3370 WorkerThread "G1 Conc#0"                       [id=15856, stack(0x000000af24e00000,0x000000af24f00000) (1024K)]
  0x00000293eedd7da0 WorkerThread "G1 Conc#1"                       [id=11304, stack(0x000000af27300000,0x000000af27400000) (1024K)]
  0x00000293a8778580 ConcurrentGCThread "G1 Refine#0"               [id=15660, stack(0x000000af24f00000,0x000000af25000000) (1024K)]
  0x00000293a8778c10 ConcurrentGCThread "G1 Service"                [id=6264, stack(0x000000af25000000,0x000000af25100000) (1024K)]
Total: 15

Threads with active compile tasks:
Total: 0

VM state: synchronizing (normal execution)

VM Mutex/Monitor currently owned by a thread:  ([mutex/lock_event])
[0x00007fffa5633198] Threads_lock - owner thread: 0x00000293a88bbce0

Heap address: 0x0000000704400000, size: 4028 MB, Compressed Oops mode: Zero based, Oop shift amount: 3

CDS archive(s) mapped at: [0x00000293a9000000-0x00000293a9c90000-0x00000293a9c90000), size 13172736, SharedBaseAddress: 0x00000293a9000000, ArchiveRelocationMode: 1.
Compressed class space mapped at: 0x00000293aa000000-0x00000293ea000000, reserved size: 1073741824
Narrow klass base: 0x00000293a9000000, Narrow klass shift: 0, Narrow klass range: 0x100000000

GC Precious Log:
 CardTable entry size: 512
 Card Set container configuration: InlinePtr #cards 4 size 8 Array Of Cards #cards 16 size 48 Howl #buckets 8 coarsen threshold 3686 Howl Bitmap #cards 512 size 80 coarsen threshold 460 Card regions per heap region 1 cards per card region 4096
 CPUs: 8 total, 8 available
 Memory: 16106M
 Large Page Support: Disabled
 NUMA Support: Disabled
 Compressed Oops: Enabled (Zero based)
 Heap Region Size: 2M
 Heap Min Capacity: 8M
 Heap Initial Capacity: 252M
 Heap Max Capacity: 4028M
 Pre-touch: Disabled
 Parallel Workers: 8
 Concurrent Workers: 2
 Concurrent Refinement Workers: 8
 Periodic GC: Disabled

Heap:
 garbage-first heap   total 116736K, used 81035K [0x0000000704400000, 0x0000000800000000)
  region size 2048K, 26 young (53248K), 3 survivors (6144K)
 Metaspace       used 85482K, committed 86208K, reserved 1179648K
  class space    used 11694K, committed 12032K, reserved 1048576K

Heap Regions: E=young(eden), S=young(survivor), O=old, HS=humongous(starts), HC=humongous(continues), CS=collection set, F=free, TAMS=top-at-mark-start, PB=parsable bottom
|   0|0x0000000704400000, 0x0000000704600000, 0x0000000704600000|100%| O|  |TAMS 0x0000000704400000| PB 0x0000000704400000| Untracked 
|   1|0x0000000704600000, 0x00000007047ffff0, 0x0000000704800000| 99%| O|  |TAMS 0x0000000704600000| PB 0x0000000704600000| Untracked 
|   2|0x0000000704800000, 0x00000007049ffff0, 0x0000000704a00000| 99%| O|  |TAMS 0x0000000704800000| PB 0x0000000704800000| Untracked 
|   3|0x0000000704a00000, 0x0000000704bffff8, 0x0000000704c00000| 99%| O|  |TAMS 0x0000000704a00000| PB 0x0000000704a00000| Untracked 
|   4|0x0000000704c00000, 0x0000000704e00000, 0x0000000704e00000|100%| O|  |TAMS 0x0000000704c00000| PB 0x0000000704c00000| Untracked 
|   5|0x0000000704e00000, 0x0000000704fff638, 0x0000000705000000| 99%| O|  |TAMS 0x0000000704e00000| PB 0x0000000704e00000| Untracked 
|   6|0x0000000705000000, 0x0000000705200000, 0x0000000705200000|100%| O|  |TAMS 0x0000000705000000| PB 0x0000000705000000| Untracked 
|   7|0x0000000705200000, 0x00000007053ffff0, 0x0000000705400000| 99%| O|  |TAMS 0x0000000705200000| PB 0x0000000705200000| Untracked 
|   8|0x0000000705400000, 0x00000007055fffc8, 0x0000000705600000| 99%| O|  |TAMS 0x0000000705400000| PB 0x0000000705400000| Untracked 
|   9|0x0000000705600000, 0x00000007057ffff8, 0x0000000705800000| 99%| O|  |TAMS 0x0000000705600000| PB 0x0000000705600000| Untracked 
|  10|0x0000000705800000, 0x00000007059ffff0, 0x0000000705a00000| 99%| O|  |TAMS 0x0000000705800000| PB 0x0000000705800000| Untracked 
|  11|0x0000000705a00000, 0x0000000705bf0020, 0x0000000705c00000| 96%| O|  |TAMS 0x0000000705a00000| PB 0x0000000705a00000| Untracked 
|  12|0x0000000705c00000, 0x0000000705d93760, 0x0000000705e00000| 78%| O|  |TAMS 0x0000000705c00000| PB 0x0000000705c00000| Untracked 
|  13|0x0000000705e00000, 0x0000000705fffff8, 0x0000000706000000| 99%| O|  |TAMS 0x0000000705e00000| PB 0x0000000705e00000| Untracked 
|  14|0x0000000706000000, 0x00000007061ffeb0, 0x0000000706200000| 99%| O|  |TAMS 0x0000000706000000| PB 0x0000000706000000| Untracked 
|  15|0x0000000706200000, 0x0000000706200000, 0x0000000706400000|  0%| F|  |TAMS 0x0000000706200000| PB 0x0000000706200000| Untracked 
|  16|0x0000000706400000, 0x0000000706400000, 0x0000000706600000|  0%| F|  |TAMS 0x0000000706400000| PB 0x0000000706400000| Untracked 
|  17|0x0000000706600000, 0x00000007067c0f40, 0x0000000706800000| 87%| O|  |TAMS 0x0000000706600000| PB 0x0000000706600000| Untracked 
|  18|0x0000000706800000, 0x0000000706999b88, 0x0000000706a00000| 80%| O|  |TAMS 0x0000000706800000| PB 0x0000000706800000| Untracked 
|  19|0x0000000706a00000, 0x0000000706a00000, 0x0000000706c00000|  0%| F|  |TAMS 0x0000000706a00000| PB 0x0000000706a00000| Untracked 
|  20|0x0000000706c00000, 0x0000000706c45650, 0x0000000706e00000| 13%| S|CS|TAMS 0x0000000706c00000| PB 0x0000000706c00000| Complete 
|  21|0x0000000706e00000, 0x0000000707000000, 0x0000000707000000|100%| S|CS|TAMS 0x0000000706e00000| PB 0x0000000706e00000| Complete 
|  22|0x0000000707000000, 0x0000000707200000, 0x0000000707200000|100%| S|CS|TAMS 0x0000000707000000| PB 0x0000000707000000| Complete 
|  23|0x0000000707200000, 0x0000000707200000, 0x0000000707400000|  0%| F|  |TAMS 0x0000000707200000| PB 0x0000000707200000| Untracked 
|  24|0x0000000707400000, 0x0000000707400000, 0x0000000707600000|  0%| F|  |TAMS 0x0000000707400000| PB 0x0000000707400000| Untracked 
|  25|0x0000000707600000, 0x0000000707600000, 0x0000000707800000|  0%| F|  |TAMS 0x0000000707600000| PB 0x0000000707600000| Untracked 
|  26|0x0000000707800000, 0x0000000707800000, 0x0000000707a00000|  0%| F|  |TAMS 0x0000000707800000| PB 0x0000000707800000| Untracked 
|  27|0x0000000707a00000, 0x0000000707a00000, 0x0000000707c00000|  0%| F|  |TAMS 0x0000000707a00000| PB 0x0000000707a00000| Untracked 
|  28|0x0000000707c00000, 0x0000000707c00000, 0x0000000707e00000|  0%| F|  |TAMS 0x0000000707c00000| PB 0x0000000707c00000| Untracked 
|  29|0x0000000707e00000, 0x0000000707e00000, 0x0000000708000000|  0%| F|  |TAMS 0x0000000707e00000| PB 0x0000000707e00000| Untracked 
|  30|0x0000000708000000, 0x0000000708000000, 0x0000000708200000|  0%| F|  |TAMS 0x0000000708000000| PB 0x0000000708000000| Untracked 
|  31|0x0000000708200000, 0x0000000708200000, 0x0000000708400000|  0%| F|  |TAMS 0x0000000708200000| PB 0x0000000708200000| Untracked 
|  32|0x0000000708400000, 0x0000000708400000, 0x0000000708600000|  0%| F|  |TAMS 0x0000000708400000| PB 0x0000000708400000| Untracked 
|  33|0x0000000708600000, 0x0000000708600000, 0x0000000708800000|  0%| F|  |TAMS 0x0000000708600000| PB 0x0000000708600000| Untracked 
|  34|0x0000000708800000, 0x000000070887ea70, 0x0000000708a00000| 24%| E|  |TAMS 0x0000000708800000| PB 0x0000000708800000| Complete 
|  35|0x0000000708a00000, 0x0000000708c00000, 0x0000000708c00000|100%| E|CS|TAMS 0x0000000708a00000| PB 0x0000000708a00000| Complete 
|  36|0x0000000708c00000, 0x0000000708e00000, 0x0000000708e00000|100%| E|CS|TAMS 0x0000000708c00000| PB 0x0000000708c00000| Complete 
|  37|0x0000000708e00000, 0x0000000709000000, 0x0000000709000000|100%| E|  |TAMS 0x0000000708e00000| PB 0x0000000708e00000| Complete 
|  38|0x0000000709000000, 0x0000000709200000, 0x0000000709200000|100%| E|CS|TAMS 0x0000000709000000| PB 0x0000000709000000| Complete 
|  39|0x0000000709200000, 0x0000000709400000, 0x0000000709400000|100%| E|CS|TAMS 0x0000000709200000| PB 0x0000000709200000| Complete 
|  40|0x0000000709400000, 0x0000000709600000, 0x0000000709600000|100%| E|CS|TAMS 0x0000000709400000| PB 0x0000000709400000| Complete 
|  41|0x0000000709600000, 0x0000000709800000, 0x0000000709800000|100%| E|CS|TAMS 0x0000000709600000| PB 0x0000000709600000| Complete 
|  42|0x0000000709800000, 0x0000000709a00000, 0x0000000709a00000|100%| E|CS|TAMS 0x0000000709800000| PB 0x0000000709800000| Complete 
|  43|0x0000000709a00000, 0x0000000709c00000, 0x0000000709c00000|100%| E|CS|TAMS 0x0000000709a00000| PB 0x0000000709a00000| Complete 
|  44|0x0000000709c00000, 0x0000000709e00000, 0x0000000709e00000|100%| E|CS|TAMS 0x0000000709c00000| PB 0x0000000709c00000| Complete 
|  45|0x0000000709e00000, 0x000000070a000000, 0x000000070a000000|100%| E|CS|TAMS 0x0000000709e00000| PB 0x0000000709e00000| Complete 
|  46|0x000000070a000000, 0x000000070a200000, 0x000000070a200000|100%| E|CS|TAMS 0x000000070a000000| PB 0x000000070a000000| Complete 
|  47|0x000000070a200000, 0x000000070a400000, 0x000000070a400000|100%| E|CS|TAMS 0x000000070a200000| PB 0x000000070a200000| Complete 
|  48|0x000000070a400000, 0x000000070a600000, 0x000000070a600000|100%| E|CS|TAMS 0x000000070a400000| PB 0x000000070a400000| Complete 
|  49|0x000000070a600000, 0x000000070a800000, 0x000000070a800000|100%| E|CS|TAMS 0x000000070a600000| PB 0x000000070a600000| Complete 
|  50|0x000000070a800000, 0x000000070aa00000, 0x000000070aa00000|100%| E|CS|TAMS 0x000000070a800000| PB 0x000000070a800000| Complete 
|  51|0x000000070aa00000, 0x000000070ac00000, 0x000000070ac00000|100%| E|CS|TAMS 0x000000070aa00000| PB 0x000000070aa00000| Complete 
|  52|0x000000070ac00000, 0x000000070ae00000, 0x000000070ae00000|100%| E|CS|TAMS 0x000000070ac00000| PB 0x000000070ac00000| Complete 
|  53|0x000000070ae00000, 0x000000070b000000, 0x000000070b000000|100%| E|CS|TAMS 0x000000070ae00000| PB 0x000000070ae00000| Complete 
|  54|0x000000070b000000, 0x000000070b200000, 0x000000070b200000|100%| E|CS|TAMS 0x000000070b000000| PB 0x000000070b000000| Complete 
|  55|0x000000070b200000, 0x000000070b400000, 0x000000070b400000|100%| E|CS|TAMS 0x000000070b200000| PB 0x000000070b200000| Complete 
|  56|0x000000070b400000, 0x000000070b600000, 0x000000070b600000|100%| E|CS|TAMS 0x000000070b400000| PB 0x000000070b400000| Complete 

Card table byte_map: [0x00000293a1730000,0x00000293a1f10000] _byte_map_base: 0x000002939df0e000

Marking Bits: (CMBitMap*) 0x00000293957e0b60
 Bits: [0x00000293a1f10000, 0x00000293a5e00000)

Polling page: 0x00000293938e0000

Metaspace:

Usage:
  Non-class:     72.06 MB used.
      Class:     11.42 MB used.
       Both:     83.48 MB used.

Virtual space:
  Non-class space:      128.00 MB reserved,      72.44 MB ( 57%) committed,  2 nodes.
      Class space:        1.00 GB reserved,      11.75 MB (  1%) committed,  1 nodes.
             Both:        1.12 GB reserved,      84.19 MB (  7%) committed. 

Chunk freelists:
   Non-Class:  7.58 MB
       Class:  4.19 MB
        Both:  11.77 MB

MaxMetaspaceSize: unlimited
CompressedClassSpaceSize: 1.00 GB
Initial GC threshold: 21.00 MB
Current GC threshold: 139.69 MB
CDS: on
 - commit_granule_bytes: 65536.
 - commit_granule_words: 8192.
 - virtual_space_node_default_size: 8388608.
 - enlarge_chunks_in_place: 1.
 - use_allocation_guard: 0.


Internal statistics:

num_allocs_failed_limit: 9.
num_arena_births: 1932.
num_arena_deaths: 986.
num_vsnodes_births: 3.
num_vsnodes_deaths: 0.
num_space_committed: 1347.
num_space_uncommitted: 0.
num_chunks_returned_to_freelist: 1273.
num_chunks_taken_from_freelist: 5583.
num_chunk_merges: 247.
num_chunk_splits: 3331.
num_chunks_enlarged: 2392.
num_inconsistent_stats: 0.

CodeCache: size=49152Kb used=20216Kb max_used=20216Kb free=28935Kb
 bounds [0x000002939de40000, 0x000002939f200000, 0x00000293a0e40000]
 total_blobs=9591 nmethods=8830 adapters=680
 compilation: enabled
              stopped_count=0, restarted_count=0
 full_count=0

Compilation events (20 events):
Event: 4996.854 Thread 0x00000293a88f9fb0 nmethod 12311 0x000002939f096690 code [0x000002939f096820, 0x000002939f0968f0]
Event: 4996.854 Thread 0x00000293f1f30ff0 12312       1       sun.security.ssl.SSLSessionImpl::getMasterSecret (5 bytes)
Event: 4996.854 Thread 0x00000293a8ab1910 12313       1       sun.security.ssl.SSLSessionImpl::getCreationTime (5 bytes)
Event: 4996.854 Thread 0x00000293a88f9fb0 12314       1       sun.security.ssl.SSLSessionImpl::getIdentificationProtocol (5 bytes)
Event: 4996.854 Thread 0x00000293a8ab1910 nmethod 12313 0x000002939f096390 code [0x000002939f096520, 0x000002939f0965e8]
Event: 4996.854 Thread 0x00000293f1f30ff0 nmethod 12312 0x000002939f096090 code [0x000002939f096220, 0x000002939f0962f0]
Event: 4996.854 Thread 0x00000293a8ab1910 12315       1       sun.security.ssl.SSLSessionImpl::setPreSharedKey (6 bytes)
Event: 4996.854 Thread 0x00000293a88f9fb0 nmethod 12314 0x000002939f095d90 code [0x000002939f095f20, 0x000002939f095ff0]
Event: 4996.854 Thread 0x00000293f1f30ff0 12316       1       sun.security.ssl.NewSessionTicket$T13NewSessionTicketMessage::getTicketAgeAdd (5 bytes)
Event: 4996.854 Thread 0x00000293a88f9fb0 12317       1       sun.security.ssl.SSLSessionImpl::setTicketAgeAdd (6 bytes)
Event: 4996.854 Thread 0x00000293a8ab1910 nmethod 12315 0x000002939f095a90 code [0x000002939f095c20, 0x000002939f095d38]
Event: 4996.854 Thread 0x00000293f1f30ff0 nmethod 12316 0x000002939f095790 code [0x000002939f095920, 0x000002939f0959e8]
Event: 4996.854 Thread 0x00000293a88f9fb0 nmethod 12317 0x000002939f095490 code [0x000002939f095620, 0x000002939f0956e8]
Event: 4996.854 Thread 0x00000293f1f30ff0 12318       1       sun.security.ssl.SSLSessionImpl::setPskIdentity (6 bytes)
Event: 4996.854 Thread 0x00000293a8ab1910 12319       1       com.mysql.cj.protocol.a.NativeCapabilities::getCapabilityFlags (5 bytes)
Event: 4996.854 Thread 0x00000293f1f30ff0 nmethod 12318 0x000002939f095190 code [0x000002939f095320, 0x000002939f095438]
Event: 4996.854 Thread 0x00000293a8ab1910 nmethod 12319 0x000002939f094c90 code [0x000002939f094e20, 0x000002939f094ee8]
Event: 4996.854 Thread 0x00000293a8ab26b0 nmethod 12302 0x000002939f1fbe90 code [0x000002939f1fc1e0, 0x000002939f1fd1c0]
Event: 4996.855 Thread 0x00000293a88f9fb0 12320       1       com.mysql.cj.conf.IntegerPropertyDefinition::isRangeBased (17 bytes)
Event: 4996.855 Thread 0x00000293a88f9fb0 nmethod 12320 0x000002939f1fde90 code [0x000002939f1fe020, 0x000002939f1fe100]

GC Heap History (20 events):
Event: 1037.085 GC heap before
{Heap before GC invocations=34 (full 2):
 garbage-first heap   total 116736K, used 98935K [0x0000000704400000, 0x0000000800000000)
  region size 2048K, 34 young (69632K), 0 survivors (0K)
 Metaspace       used 83841K, committed 84672K, reserved 1179648K
  class space    used 11551K, committed 11904K, reserved 1048576K
}
Event: 1037.088 GC heap after
{Heap after GC invocations=35 (full 2):
 garbage-first heap   total 116736K, used 35983K [0x0000000704400000, 0x0000000800000000)
  region size 2048K, 3 young (6144K), 3 survivors (6144K)
 Metaspace       used 83841K, committed 84672K, reserved 1179648K
  class space    used 11551K, committed 11904K, reserved 1048576K
}
Event: 1037.312 GC heap before
{Heap before GC invocations=36 (full 2):
 garbage-first heap   total 116736K, used 97423K [0x0000000704400000, 0x0000000800000000)
  region size 2048K, 33 young (67584K), 3 survivors (6144K)
 Metaspace       used 84267K, committed 84992K, reserved 1179648K
  class space    used 11581K, committed 11904K, reserved 1048576K
}
Event: 1037.315 GC heap after
{Heap after GC invocations=37 (full 2):
 garbage-first heap   total 116736K, used 37495K [0x0000000704400000, 0x0000000800000000)
  region size 2048K, 3 young (6144K), 3 survivors (6144K)
 Metaspace       used 84267K, committed 84992K, reserved 1179648K
  class space    used 11581K, committed 11904K, reserved 1048576K
}
Event: 1037.507 GC heap before
{Heap before GC invocations=37 (full 2):
 garbage-first heap   total 116736K, used 98935K [0x0000000704400000, 0x0000000800000000)
  region size 2048K, 33 young (67584K), 3 survivors (6144K)
 Metaspace       used 84276K, committed 85056K, reserved 1179648K
  class space    used 11585K, committed 11904K, reserved 1048576K
}
Event: 1037.511 GC heap after
{Heap after GC invocations=38 (full 2):
 garbage-first heap   total 116736K, used 38735K [0x0000000704400000, 0x0000000800000000)
  region size 2048K, 2 young (4096K), 2 survivors (4096K)
 Metaspace       used 84276K, committed 85056K, reserved 1179648K
  class space    used 11585K, committed 11904K, reserved 1048576K
}
Event: 4759.958 GC heap before
{Heap before GC invocations=38 (full 2):
 garbage-first heap   total 116736K, used 100175K [0x0000000704400000, 0x0000000800000000)
  region size 2048K, 32 young (65536K), 2 survivors (4096K)
 Metaspace       used 84279K, committed 85056K, reserved 1179648K
  class space    used 11586K, committed 11904K, reserved 1048576K
}
Event: 4759.965 GC heap after
{Heap after GC invocations=39 (full 2):
 garbage-first heap   total 141312K, used 39097K [0x0000000704400000, 0x0000000800000000)
  region size 2048K, 3 young (6144K), 3 survivors (6144K)
 Metaspace       used 84279K, committed 85056K, reserved 1179648K
  class space    used 11586K, committed 11904K, reserved 1048576K
}
Event: 4966.611 GC heap before
{Heap before GC invocations=40 (full 2):
 garbage-first heap   total 141312K, used 63673K [0x0000000704400000, 0x0000000800000000)
  region size 2048K, 16 young (32768K), 3 survivors (6144K)
 Metaspace       used 84124K, committed 85120K, reserved 1179648K
  class space    used 11544K, committed 11968K, reserved 1048576K
}
Event: 4966.644 GC heap after
{Heap after GC invocations=41 (full 3):
 garbage-first heap   total 116736K, used 28320K [0x0000000704400000, 0x0000000800000000)
  region size 2048K, 0 young (0K), 0 survivors (0K)
 Metaspace       used 84084K, committed 85120K, reserved 1179648K
  class space    used 11537K, committed 11968K, reserved 1048576K
}
Event: 4967.044 GC heap before
{Heap before GC invocations=41 (full 3):
 garbage-first heap   total 116736K, used 95904K [0x0000000704400000, 0x0000000800000000)
  region size 2048K, 34 young (69632K), 0 survivors (0K)
 Metaspace       used 84303K, committed 85120K, reserved 1179648K
  class space    used 11583K, committed 11968K, reserved 1048576K
}
Event: 4967.048 GC heap after
{Heap after GC invocations=42 (full 3):
 garbage-first heap   total 116736K, used 33831K [0x0000000704400000, 0x0000000800000000)
  region size 2048K, 3 young (6144K), 3 survivors (6144K)
 Metaspace       used 84303K, committed 85120K, reserved 1179648K
  class space    used 11583K, committed 11968K, reserved 1048576K
}
Event: 4967.302 GC heap before
{Heap before GC invocations=43 (full 3):
 garbage-first heap   total 116736K, used 93223K [0x0000000704400000, 0x0000000800000000)
  region size 2048K, 33 young (67584K), 3 survivors (6144K)
 Metaspace       used 84775K, committed 85568K, reserved 1179648K
  class space    used 11620K, committed 11968K, reserved 1048576K
}
Event: 4967.306 GC heap after
{Heap after GC invocations=44 (full 3):
 garbage-first heap   total 116736K, used 36976K [0x0000000704400000, 0x0000000800000000)
  region size 2048K, 5 young (10240K), 5 survivors (10240K)
 Metaspace       used 84775K, committed 85568K, reserved 1179648K
  class space    used 11620K, committed 11968K, reserved 1048576K
}
Event: 4967.487 GC heap before
{Heap before GC invocations=44 (full 3):
 garbage-first heap   total 116736K, used 90224K [0x0000000704400000, 0x0000000800000000)
  region size 2048K, 31 young (63488K), 5 survivors (10240K)
 Metaspace       used 84807K, committed 85632K, reserved 1179648K
  class space    used 11629K, committed 12032K, reserved 1048576K
}
Event: 4967.492 GC heap after
{Heap after GC invocations=45 (full 3):
 garbage-first heap   total 116736K, used 38701K [0x0000000704400000, 0x0000000800000000)
  region size 2048K, 3 young (6144K), 3 survivors (6144K)
 Metaspace       used 84807K, committed 85632K, reserved 1179648K
  class space    used 11629K, committed 12032K, reserved 1048576K
}
Event: 4995.667 GC heap before
{Heap before GC invocations=45 (full 3):
 garbage-first heap   total 116736K, used 87853K [0x0000000704400000, 0x0000000800000000)
  region size 2048K, 28 young (57344K), 3 survivors (6144K)
 Metaspace       used 85050K, committed 85824K, reserved 1179648K
  class space    used 11667K, committed 12032K, reserved 1048576K
}
Event: 4995.709 GC heap after
{Heap after GC invocations=46 (full 4):
 garbage-first heap   total 116736K, used 33653K [0x0000000704400000, 0x0000000800000000)
  region size 2048K, 0 young (0K), 0 survivors (0K)
 Metaspace       used 84911K, committed 85824K, reserved 1179648K
  class space    used 11638K, committed 12032K, reserved 1048576K
}
Event: 4996.383 GC heap before
{Heap before GC invocations=46 (full 4):
 garbage-first heap   total 116736K, used 101237K [0x0000000704400000, 0x0000000800000000)
  region size 2048K, 34 young (69632K), 0 survivors (0K)
 Metaspace       used 85081K, committed 85888K, reserved 1179648K
  class space    used 11664K, committed 12032K, reserved 1048576K
}
Event: 4996.387 GC heap after
{Heap after GC invocations=47 (full 4):
 garbage-first heap   total 116736K, used 38027K [0x0000000704400000, 0x0000000800000000)
  region size 2048K, 3 young (6144K), 3 survivors (6144K)
 Metaspace       used 85081K, committed 85888K, reserved 1179648K
  class space    used 11664K, committed 12032K, reserved 1048576K
}

Dll operation events (12 events):
Event: 0.005 Loaded shared library C:\pleiades\2023-12\java\21\bin\java.dll
Event: 0.107 Loaded shared library C:\pleiades\2023-12\java\21\bin\zip.dll
Event: 0.111 Loaded shared library C:\pleiades\2023-12\java\21\bin\instrument.dll
Event: 0.114 Loaded shared library C:\pleiades\2023-12\java\21\bin\net.dll
Event: 0.114 Loaded shared library C:\pleiades\2023-12\java\21\bin\nio.dll
Event: 0.116 Loaded shared library C:\pleiades\2023-12\java\21\bin\zip.dll
Event: 0.200 Loaded shared library C:\pleiades\2023-12\java\21\bin\jimage.dll
Event: 0.227 Loaded shared library C:\pleiades\2023-12\java\21\bin\management.dll
Event: 0.233 Loaded shared library C:\pleiades\2023-12\java\21\bin\management_ext.dll
Event: 0.337 Loaded shared library C:\pleiades\2023-12\java\21\bin\verify.dll
Event: 0.401 Loaded shared library C:\pleiades\2023-12\java\21\bin\extnet.dll
Event: 1.239 Loaded shared library C:\pleiades\2023-12\java\21\bin\sunmscapi.dll

Deoptimization events (20 events):
Event: 4996.503 Thread 0x00000293f09865b0 DEOPT PACKING pc=0x000002939e327259 sp=0x000000af26dfaf30
Event: 4996.503 Thread 0x00000293f09865b0 DEOPT UNPACKING pc=0x000002939de988e2 sp=0x000000af26dfa388 mode 1
Event: 4996.503 Thread 0x00000293f09865b0 DEOPT PACKING pc=0x000002939e31dbac sp=0x000000af26dfafc0
Event: 4996.503 Thread 0x00000293f09865b0 DEOPT UNPACKING pc=0x000002939de988e2 sp=0x000000af26dfa468 mode 1
Event: 4996.503 Thread 0x00000293f09865b0 DEOPT PACKING pc=0x000002939e2e2914 sp=0x000000af26dfba40
Event: 4996.503 Thread 0x00000293f09865b0 DEOPT UNPACKING pc=0x000002939de988e2 sp=0x000000af26dfaf08 mode 1
Event: 4996.503 Thread 0x00000293f09865b0 DEOPT PACKING pc=0x000002939e2e258c sp=0x000000af26dfbad0
Event: 4996.503 Thread 0x00000293f09865b0 DEOPT UNPACKING pc=0x000002939de988e2 sp=0x000000af26dfafa8 mode 1
Event: 4996.503 Thread 0x00000293f09865b0 DEOPT PACKING pc=0x000002939e31dbac sp=0x000000af26dfbc20
Event: 4996.503 Thread 0x00000293f09865b0 DEOPT UNPACKING pc=0x000002939de988e2 sp=0x000000af26dfb0c8 mode 1
Event: 4996.503 Thread 0x00000293f09865b0 DEOPT PACKING pc=0x000002939e2e2914 sp=0x000000af26dfc6a0
Event: 4996.503 Thread 0x00000293f09865b0 DEOPT UNPACKING pc=0x000002939de988e2 sp=0x000000af26dfbb68 mode 1
Event: 4996.503 Thread 0x00000293f09865b0 DEOPT PACKING pc=0x000002939e2e258c sp=0x000000af26dfc730
Event: 4996.503 Thread 0x00000293f09865b0 DEOPT UNPACKING pc=0x000002939de988e2 sp=0x000000af26dfbc08 mode 1
Event: 4996.504 Thread 0x00000293f09865b0 DEOPT PACKING pc=0x000002939ef3d34c sp=0x000000af26dfc3c0
Event: 4996.504 Thread 0x00000293f09865b0 DEOPT UNPACKING pc=0x000002939de988e2 sp=0x000000af26dfba50 mode 1
Event: 4996.504 Thread 0x00000293f09865b0 DEOPT PACKING pc=0x000002939e715bb4 sp=0x000000af26dfc6f0
Event: 4996.504 Thread 0x00000293f09865b0 DEOPT UNPACKING pc=0x000002939de988e2 sp=0x000000af26dfbbb8 mode 1
Event: 4997.395 Thread 0x00000293f09865b0 DEOPT PACKING pc=0x000002939e25ce5c sp=0x000000af26dfdd70
Event: 4997.395 Thread 0x00000293f09865b0 DEOPT UNPACKING pc=0x000002939de988e2 sp=0x000000af26dfd228 mode 0

Classes loaded (20 events):
Event: 1030.325 Loading class java/util/WeakHashMap$KeyIterator
Event: 1030.326 Loading class java/util/WeakHashMap$KeyIterator done
Event: 1030.368 Loading class java/lang/ref/Finalizer$2
Event: 1030.369 Loading class java/lang/ref/Finalizer$2 done
Event: 1030.369 Loading class java/lang/ref/Finalizer$1
Event: 1030.369 Loading class java/lang/ref/Finalizer$1 done
Event: 1034.573 Loading class java/time/DurationEditor
Event: 1034.573 Loading class java/time/DurationEditor done
Event: 4967.261 Loading class java/time/DurationEditor
Event: 4967.261 Loading class java/time/DurationEditor done
Event: 4974.136 Loading class java/lang/StringEditor
Event: 4974.136 Loading class java/lang/StringEditor done
Event: 4980.572 Loading class java/lang/ObjectBeanInfo
Event: 4980.572 Loading class java/lang/ObjectBeanInfo done
Event: 4980.572 Loading class java/lang/ObjectBeanInfo
Event: 4980.572 Loading class java/lang/ObjectBeanInfo done
Event: 4980.572 Loading class java/lang/ObjectCustomizer
Event: 4980.572 Loading class java/lang/ObjectCustomizer done
Event: 4980.573 Loading class java/lang/ObjectCustomizer
Event: 4980.573 Loading class java/lang/ObjectCustomizer done

Classes unloaded (20 events):
Event: 4995.678 Thread 0x00000293a88bbce0 Unloading class 0x00000293aa360800 'java/lang/invoke/LambdaForm$MH+0x00000293aa360800'
Event: 4995.678 Thread 0x00000293a88bbce0 Unloading class 0x00000293aa3be800 'java/lang/invoke/LambdaForm$MH+0x00000293aa3be800'
Event: 4995.678 Thread 0x00000293a88bbce0 Unloading class 0x00000293aa3bf800 'java/lang/invoke/LambdaForm$MH+0x00000293aa3bf800'
Event: 4995.678 Thread 0x00000293a88bbce0 Unloading class 0x00000293aa3ecc00 'java/lang/invoke/LambdaForm$MH+0x00000293aa3ecc00'
Event: 4995.678 Thread 0x00000293a88bbce0 Unloading class 0x00000293aa3f2c00 'java/lang/invoke/LambdaForm$MH+0x00000293aa3f2c00'
Event: 4995.678 Thread 0x00000293a88bbce0 Unloading class 0x00000293aa418000 'java/lang/invoke/LambdaForm$MH+0x00000293aa418000'
Event: 4995.678 Thread 0x00000293a88bbce0 Unloading class 0x00000293aa478400 'java/lang/invoke/LambdaForm$MH+0x00000293aa478400'
Event: 4995.678 Thread 0x00000293a88bbce0 Unloading class 0x00000293aa479400 'java/lang/invoke/LambdaForm$MH+0x00000293aa479400'
Event: 4995.678 Thread 0x00000293a88bbce0 Unloading class 0x00000293aa48c800 'java/lang/invoke/LambdaForm$MH+0x00000293aa48c800'
Event: 4995.678 Thread 0x00000293a88bbce0 Unloading class 0x00000293aa50c000 'java/lang/invoke/LambdaForm$MH+0x00000293aa50c000'
Event: 4995.678 Thread 0x00000293a88bbce0 Unloading class 0x00000293aa530c00 'java/lang/invoke/LambdaForm$MH+0x00000293aa530c00'
Event: 4995.678 Thread 0x00000293a88bbce0 Unloading class 0x00000293aa53d000 'java/lang/invoke/LambdaForm$MH+0x00000293aa53d000'
Event: 4995.678 Thread 0x00000293a88bbce0 Unloading class 0x00000293aa5a0c00 'java/lang/invoke/LambdaForm$MH+0x00000293aa5a0c00'
Event: 4995.678 Thread 0x00000293a88bbce0 Unloading class 0x00000293aa5ad400 'java/lang/invoke/LambdaForm$MH+0x00000293aa5ad400'
Event: 4995.678 Thread 0x00000293a88bbce0 Unloading class 0x00000293aa988800 'java/lang/invoke/LambdaForm$MH+0x00000293aa988800'
Event: 4995.678 Thread 0x00000293a88bbce0 Unloading class 0x00000293aa9b4c00 'java/lang/invoke/LambdaForm$MH+0x00000293aa9b4c00'
Event: 4995.678 Thread 0x00000293a88bbce0 Unloading class 0x00000293aaa29800 'java/lang/invoke/LambdaForm$MH+0x00000293aaa29800'
Event: 4995.678 Thread 0x00000293a88bbce0 Unloading class 0x00000293aaa81400 'java/lang/invoke/LambdaForm$MH+0x00000293aaa81400'
Event: 4995.678 Thread 0x00000293a88bbce0 Unloading class 0x00000293aa8fcc00 'java/lang/invoke/LambdaForm$MH+0x00000293aa8fcc00'
Event: 4995.678 Thread 0x00000293a88bbce0 Unloading class 0x00000293aaa1cc00 'java/lang/invoke/LambdaForm$MH+0x00000293aaa1cc00'

Classes redefined (15 events):
Event: 4965.400 Thread 0x00000293a88bbce0 redefined class name=com.example.sampleweb.controller.UserListController, count=1
Event: 4965.400 Thread 0x00000293a88bbce0 redefined class name=com.example.sampleweb.controller.UserListController, count=1
Event: 4965.400 Thread 0x00000293a88bbce0 redefined class name=com.example.sampleweb.controller.UserListController, count=1
Event: 4965.400 Thread 0x00000293a88bbce0 redefined class name=com.example.sampleweb.controller.UserListController, count=1
Event: 4994.209 Thread 0x00000293a88bbce0 redefined class name=com.example.sampleweb.controller.UserListController, count=1
Event: 4994.209 Thread 0x00000293a88bbce0 redefined class name=com.example.sampleweb.controller.UserListController, count=2
Event: 4994.209 Thread 0x00000293a88bbce0 redefined class name=com.example.sampleweb.controller.UserListController, count=2
Event: 4994.209 Thread 0x00000293a88bbce0 redefined class name=com.example.sampleweb.controller.UserListController, count=2
Event: 4994.209 Thread 0x00000293a88bbce0 redefined class name=com.example.sampleweb.controller.UserListController, count=2
Event: 4997.414 Thread 0x00000293a88bbce0 redefined class name=com.example.sampleweb.controller.UserListController, count=2
Event: 4997.414 Thread 0x00000293a88bbce0 redefined class name=com.example.sampleweb.controller.UserListController, count=3
Event: 4997.414 Thread 0x00000293a88bbce0 redefined class name=com.example.sampleweb.controller.UserListController, count=3
Event: 4997.414 Thread 0x00000293a88bbce0 redefined class name=com.example.sampleweb.controller.UserListController, count=3
Event: 4997.414 Thread 0x00000293a88bbce0 redefined class name=com.example.sampleweb.controller.UserListController, count=3
Event: 4997.414 Thread 0x00000293a88bbce0 redefined class name=com.example.sampleweb.controller.UserListController, count=1

Internal exceptions (20 events):
Event: 4980.573 Thread 0x00000293f0982aa0 Exception <a 'java/lang/ClassNotFoundException'{0x0000000708ab5c68}: java/lang/ObjectCustomizer> (0x0000000708ab5c68) 
thrown [s\src\hotspot\share\classfile\systemDictionary.cpp, line 312]
Event: 4980.574 Thread 0x00000293f0982aa0 Exception <a 'java/lang/ClassNotFoundException'{0x0000000708ac5d70}: com/example/sampleweb/entity/UserInfoCustomizer> (0x0000000708ac5d70) 
thrown [s\src\hotspot\share\classfile\systemDictionary.cpp, line 312]
Event: 4980.575 Thread 0x00000293f0982aa0 Exception <a 'java/lang/ClassNotFoundException'{0x0000000708ae1618}: com/example/sampleweb/dto/UserListInfoBeanInfo> (0x0000000708ae1618) 
thrown [s\src\hotspot\share\classfile\systemDictionary.cpp, line 312]
Event: 4980.575 Thread 0x00000293f0982aa0 Exception <a 'java/lang/ClassNotFoundException'{0x0000000708aed4f8}: com/example/sampleweb/dto/UserListInfoCustomizer> (0x0000000708aed4f8) 
thrown [s\src\hotspot\share\classfile\systemDictionary.cpp, line 312]
Event: 4995.652 Thread 0x00000293f0987960 Exception <a 'java/net/SocketException'{0x00000007087c3e40}: Connection reset by peer: shutdown> (0x00000007087c3e40) 
thrown [s\src\hotspot\share\prims\jni.cpp, line 539]
Event: 4995.653 Thread 0x00000293f0987960 Exception <a 'java/io/IOException'{0x00000007087c6570}> (0x00000007087c6570) 
thrown [s\src\hotspot\share\prims\jni.cpp, line 520]
Event: 4995.655 Thread 0x00000293f0987960 Exception <a 'java/io/IOException'{0x00000007087cce68}> (0x00000007087cce68) 
thrown [s\src\hotspot\share\prims\jni.cpp, line 520]
Event: 4995.659 Thread 0x00000293f0986c40 Exception <a 'java/lang/NoSuchMethodError'{0x000000070840ba50}: static Lorg/springframework/security/web/csrf/DefaultCsrfToken;.<clinit>()V> (0x000000070840ba50) 
thrown [s\src\hotspot\share\prims\jni.cpp, line 1106]
Event: 4995.660 Thread 0x00000293f0986c40 Exception <a 'java/lang/NoSuchMethodError'{0x0000000708427a08}: static Lorg/springframework/security/authentication/AbstractAuthenticationToken;.<clinit>()V> (0x0000000708427a08) 
thrown [s\src\hotspot\share\prims\jni.cpp, line 1106]
Event: 4995.666 Thread 0x00000293f1cdb040 Exception <a 'java/lang/InterruptedException'{0x0000000708490298}: sleep interrupted> (0x0000000708490298) 
thrown [s\src\hotspot\share\prims\jvm.cpp, line 3074]
Event: 4995.720 Thread 0x00000293f09865b0 Exception <a 'sun/nio/fs/WindowsException'{0x000000070b480558}> (0x000000070b480558) 
thrown [s\src\hotspot\share\prims\jni.cpp, line 520]
Event: 4995.905 Thread 0x00000293f09865b0 Exception <a 'java/lang/NoClassDefFoundError'{0x0000000709947988}: org/flywaydb/core/Flyway> (0x0000000709947988) 
thrown [s\src\hotspot\share\oops\constantPool.cpp, line 871]
Event: 4996.215 Thread 0x00000293f09865b0 Exception <a 'java/lang/NoClassDefFoundError'{0x0000000709947fe8}: liquibase/integration/spring/SpringLiquibase> (0x0000000709947fe8) 
thrown [s\src\hotspot\share\oops\constantPool.cpp, line 871]
Event: 4996.219 Thread 0x00000293f09865b0 Exception <a 'java/lang/NoClassDefFoundError'{0x00000007099b5f50}: org/jooq/DSLContext> (0x00000007099b5f50) 
thrown [s\src\hotspot\share\oops\constantPool.cpp, line 871]
Event: 4996.220 Thread 0x00000293f09865b0 Exception <a 'java/lang/NoClassDefFoundError'{0x00000007099c2910}: org/springframework/batch/core/repository/JobRepository> (0x00000007099c2910) 
thrown [s\src\hotspot\share\oops\constantPool.cpp, line 871]
Event: 4996.221 Thread 0x00000293f09865b0 Exception <a 'java/lang/NoClassDefFoundError'{0x00000007099c2f68}: org/quartz/Scheduler> (0x00000007099c2f68) 
thrown [s\src\hotspot\share\oops\constantPool.cpp, line 871]
Event: 4996.222 Thread 0x00000293f09865b0 Exception <a 'java/lang/NoClassDefFoundError'{0x00000007099c35e8}: org/springframework/session/jdbc/JdbcIndexedSessionRepository> (0x00000007099c35e8) 
thrown [s\src\hotspot\share\oops\constantPool.cpp, line 871]
Event: 4996.231 Thread 0x00000293f09865b0 Exception <a 'java/lang/ArrayIndexOutOfBoundsException'{0x00000007096e7fe8}> (0x00000007096e7fe8) 
thrown [s\src\hotspot\share\runtime\sharedRuntime.cpp, line 625]
Event: 4996.231 Thread 0x00000293f09865b0 Exception <a 'java/lang/ArrayIndexOutOfBoundsException'{0x00000007096e85c0}> (0x00000007096e85c0) 
thrown [s\src\hotspot\share\runtime\sharedRuntime.cpp, line 625]
Event: 4996.290 Thread 0x00000293f09865b0 Exception <a 'java/io/FileNotFoundException'{0x0000000708219aa8}> (0x0000000708219aa8) 
thrown [s\src\hotspot\share\prims\jni.cpp, line 520]

ZGC Phase Switch (0 events):
No events

VM Operations (20 events):
Event: 4996.383 Executing VM operation: G1CollectForAllocation (G1 Evacuation Pause)
Event: 4996.387 Executing VM operation: G1CollectForAllocation (G1 Evacuation Pause) done
Event: 4996.699 Executing VM operation: get/set locals
Event: 4996.699 Executing VM operation: get/set locals done
Event: 4996.707 Executing VM operation: GetObjectMonitorUsage
Event: 4996.707 Executing VM operation: GetObjectMonitorUsage done
Event: 4996.708 Executing VM operation: GetObjectMonitorUsage
Event: 4996.708 Executing VM operation: GetObjectMonitorUsage done
Event: 4996.709 Executing VM operation: get/set locals
Event: 4996.709 Executing VM operation: get/set locals done
Event: 4996.709 Executing VM operation: get/set locals
Event: 4996.709 Executing VM operation: get/set locals done
Event: 4997.395 Executing VM operation: ChangeSingleStep
Event: 4997.395 Executing VM operation: ChangeSingleStep done
Event: 4997.395 Executing VM operation: ChangeSingleStep
Event: 4997.395 Executing VM operation: ChangeSingleStep done
Event: 4997.408 Executing VM operation: RedefineClasses
Event: 4997.427 Executing VM operation: RedefineClasses done
Event: 4997.431 Executing VM operation: ChangeSingleStep
Event: 4997.431 Executing VM operation: ChangeSingleStep done

Events (20 events):
Event: 4995.688 Thread 0x00000293a88bbce0 flushing nmethod 0x000002939e02fe90
Event: 4995.688 Thread 0x00000293a88bbce0 flushing nmethod 0x000002939e035e10
Event: 4995.688 Thread 0x00000293a88bbce0 flushing nmethod 0x000002939e02fa90
Event: 4995.688 Thread 0x00000293a88bbce0 flushing nmethod 0x000002939dfda790
Event: 4995.688 Thread 0x00000293a88bbce0 flushing nmethod 0x000002939dfc5490
Event: 4995.688 Thread 0x00000293a88bbce0 flushing nmethod 0x000002939dfc4790
Event: 4995.688 Thread 0x00000293a88bbce0 flushing nmethod 0x000002939dfab690
Event: 4995.709 Thread 0x00000293f0984b70 Thread added: 0x00000293f0984b70
Event: 4995.709 Thread 0x00000293f0984b70 Thread exited: 0x00000293f0984b70
Event: 4995.709 Thread 0x00000293f09865b0 Thread added: 0x00000293f09865b0
Event: 4995.758 Thread 0x00000293f0987960 Thread added: 0x00000293f0987960
Event: 4995.780 Thread 0x00000293f0987960 Thread exited: 0x00000293f0987960
Event: 4996.321 Thread 0x00000293f0987960 Thread added: 0x00000293f0987960
Event: 4996.321 Thread 0x00000293f0985f20 Thread added: 0x00000293f0985f20
Event: 4996.321 Thread 0x00000293f0983130 Thread added: 0x00000293f0983130
Event: 4996.359 Thread 0x00000293f0984b70 Thread added: 0x00000293f0984b70
Event: 4996.366 Thread 0x00000293a8ab26b0 Thread added: 0x00000293a8ab26b0
Event: 4996.465 Thread 0x00000293f0985890 Thread added: 0x00000293f0985890
Event: 4996.853 Thread 0x00000293a8ab1910 Thread added: 0x00000293a8ab1910
Event: 4996.853 Thread 0x00000293f1f30ff0 Thread added: 0x00000293f1f30ff0


Dynamic libraries:
0x00007ff6560e0000 - 0x00007ff6560ee000 	C:\pleiades\2023-12\java\21\bin\javaw.exe
0x00007ff834870000 - 0x00007ff834a87000 	C:\WINDOWS\SYSTEM32\ntdll.dll
0x00007ff832ab0000 - 0x00007ff832b74000 	C:\WINDOWS\System32\KERNEL32.DLL
0x00007ff831d80000 - 0x00007ff83212d000 	C:\WINDOWS\System32\KERNELBASE.dll
0x00007ff831ba0000 - 0x00007ff831cb1000 	C:\WINDOWS\System32\ucrtbase.dll
0x00007ff82bed0000 - 0x00007ff82bee8000 	C:\pleiades\2023-12\java\21\bin\jli.dll
0x00007ff82b9b0000 - 0x00007ff82b9cb000 	C:\pleiades\2023-12\java\21\bin\VCRUNTIME140.dll
0x00007ff832600000 - 0x00007ff8327ae000 	C:\WINDOWS\System32\USER32.dll
0x00007ff832130000 - 0x00007ff832156000 	C:\WINDOWS\System32\win32u.dll
0x00007ff815560000 - 0x00007ff8157f3000 	C:\WINDOWS\WinSxS\amd64_microsoft.windows.common-controls_6595b64144ccf1df_6.0.22621.3672_none_2713b9d173822955\COMCTL32.dll
0x00007ff834070000 - 0x00007ff834099000 	C:\WINDOWS\System32\GDI32.dll
0x00007ff833aa0000 - 0x00007ff833b47000 	C:\WINDOWS\System32\msvcrt.dll
0x00007ff8323a0000 - 0x00007ff8324b9000 	C:\WINDOWS\System32\gdi32full.dll
0x00007ff832300000 - 0x00007ff83239a000 	C:\WINDOWS\System32\msvcp_win.dll
0x00007ff833e70000 - 0x00007ff833ea1000 	C:\WINDOWS\System32\IMM32.DLL
0x00007ff82b9f0000 - 0x00007ff82b9fc000 	C:\pleiades\2023-12\java\21\bin\vcruntime140_1.dll
0x00007ff808a60000 - 0x00007ff808aee000 	C:\pleiades\2023-12\java\21\bin\msvcp140.dll
0x00007fffa4990000 - 0x00007fffa5713000 	C:\pleiades\2023-12\java\21\bin\server\jvm.dll
0x00007ff834670000 - 0x00007ff834722000 	C:\WINDOWS\System32\ADVAPI32.dll
0x00007ff833c10000 - 0x00007ff833cb9000 	C:\WINDOWS\System32\sechost.dll
0x00007ff832160000 - 0x00007ff832188000 	C:\WINDOWS\System32\bcrypt.dll
0x00007ff8327b0000 - 0x00007ff8328c4000 	C:\WINDOWS\System32\RPCRT4.dll
0x00007ff833b50000 - 0x00007ff833bc1000 	C:\WINDOWS\System32\WS2_32.dll
0x00007ff831a60000 - 0x00007ff831aad000 	C:\WINDOWS\SYSTEM32\POWRPROF.dll
0x00007ff82f3e0000 - 0x00007ff82f414000 	C:\WINDOWS\SYSTEM32\WINMM.dll
0x00007ff82ad30000 - 0x00007ff82ad3a000 	C:\WINDOWS\SYSTEM32\VERSION.dll
0x00007ff831a40000 - 0x00007ff831a53000 	C:\WINDOWS\SYSTEM32\UMPDC.dll
0x00007ff830bd0000 - 0x00007ff830be8000 	C:\WINDOWS\SYSTEM32\kernel.appcore.dll
0x00007ff82b3c0000 - 0x00007ff82b3ca000 	C:\pleiades\2023-12\java\21\bin\jimage.dll
0x00007ff82f160000 - 0x00007ff82f392000 	C:\WINDOWS\SYSTEM32\DBGHELP.DLL
0x00007ff833650000 - 0x00007ff8339d8000 	C:\WINDOWS\System32\combase.dll
0x00007ff834590000 - 0x00007ff834667000 	C:\WINDOWS\System32\OLEAUT32.dll
0x00007ff82f3a0000 - 0x00007ff82f3d2000 	C:\WINDOWS\SYSTEM32\dbgcore.DLL
0x00007ff832530000 - 0x00007ff8325ab000 	C:\WINDOWS\System32\bcryptPrimitives.dll
0x00007ff822500000 - 0x00007ff82253c000 	C:\pleiades\2023-12\java\21\bin\jdwp.dll
0x00007ff82aef0000 - 0x00007ff82aeff000 	C:\pleiades\2023-12\java\21\bin\instrument.dll
0x00007ff828740000 - 0x00007ff82875f000 	C:\pleiades\2023-12\java\21\bin\java.dll
0x00007ff832df0000 - 0x00007ff83364f000 	C:\WINDOWS\System32\SHELL32.dll
0x00007ff82fa40000 - 0x00007ff83033c000 	C:\WINDOWS\SYSTEM32\windows.storage.dll
0x00007ff82f900000 - 0x00007ff82fa3f000 	C:\WINDOWS\SYSTEM32\wintypes.dll
0x00007ff832cf0000 - 0x00007ff832de4000 	C:\WINDOWS\System32\SHCORE.dll
0x00007ff8328d0000 - 0x00007ff83292e000 	C:\WINDOWS\System32\shlwapi.dll
0x00007ff831ad0000 - 0x00007ff831af1000 	C:\WINDOWS\SYSTEM32\profapi.dll
0x00007ff828730000 - 0x00007ff82873c000 	C:\pleiades\2023-12\java\21\bin\dt_socket.dll
0x00007ff830460000 - 0x00007ff83048d000 	C:\WINDOWS\SYSTEM32\IPHLPAPI.DLL
0x00007ff831040000 - 0x00007ff8310a9000 	C:\WINDOWS\system32\mswsock.dll
0x00007ff830490000 - 0x00007ff830588000 	C:\WINDOWS\SYSTEM32\DNSAPI.dll
0x00007ff834100000 - 0x00007ff834109000 	C:\WINDOWS\System32\NSI.dll
0x00007ff82baa0000 - 0x00007ff82baaa000 	C:\Windows\System32\rasadhlp.dll
0x00007ff82ceb0000 - 0x00007ff82cf33000 	C:\WINDOWS\System32\fwpuclnt.dll
0x00007ff8232b0000 - 0x00007ff8232c8000 	C:\pleiades\2023-12\java\21\bin\zip.dll
0x00007ff823830000 - 0x00007ff823840000 	C:\pleiades\2023-12\java\21\bin\net.dll
0x00007ff82cf40000 - 0x00007ff82d076000 	C:\WINDOWS\SYSTEM32\WINHTTP.dll
0x00007ff822ce0000 - 0x00007ff822cf6000 	C:\pleiades\2023-12\java\21\bin\nio.dll
0x00007ff823750000 - 0x00007ff82375a000 	C:\pleiades\2023-12\java\21\bin\management.dll
0x00007ff8232a0000 - 0x00007ff8232ab000 	C:\pleiades\2023-12\java\21\bin\management_ext.dll
0x00007ff832ce0000 - 0x00007ff832ce8000 	C:\WINDOWS\System32\PSAPI.DLL
0x00007ff812cd0000 - 0x00007ff812ce7000 	C:\WINDOWS\system32\napinsp.dll
0x00007ff812cb0000 - 0x00007ff812ccb000 	C:\WINDOWS\system32\pnrpnsp.dll
0x00007ff810280000 - 0x00007ff810291000 	C:\WINDOWS\System32\winrnr.dll
0x00007ff82b410000 - 0x00007ff82b425000 	C:\WINDOWS\system32\wshbth.dll
0x00007ff80ffc0000 - 0x00007ff80ffe7000 	C:\WINDOWS\system32\nlansp_c.dll
0x00007ff822bd0000 - 0x00007ff822be0000 	C:\pleiades\2023-12\java\21\bin\verify.dll
0x00007ff8312b0000 - 0x00007ff8312cb000 	C:\WINDOWS\SYSTEM32\CRYPTSP.dll
0x00007ff830b30000 - 0x00007ff830b65000 	C:\WINDOWS\system32\rsaenh.dll
0x00007ff831140000 - 0x00007ff831168000 	C:\WINDOWS\SYSTEM32\USERENV.dll
0x00007ff8312a0000 - 0x00007ff8312ac000 	C:\WINDOWS\SYSTEM32\CRYPTBASE.dll
0x00007ff822b60000 - 0x00007ff822b69000 	C:\pleiades\2023-12\java\21\bin\extnet.dll
0x00007ff8229c0000 - 0x00007ff8229ce000 	C:\pleiades\2023-12\java\21\bin\sunmscapi.dll
0x00007ff832190000 - 0x00007ff8322f7000 	C:\WINDOWS\System32\CRYPT32.dll
0x00007ff831400000 - 0x00007ff83142e000 	C:\WINDOWS\SYSTEM32\ncrypt.dll
0x00007ff8313c0000 - 0x00007ff8313f7000 	C:\WINDOWS\SYSTEM32\NTASN1.dll
0x00007fffe6e90000 - 0x00007fffe6e98000 	C:\WINDOWS\system32\wshunix.dll

dbghelp: loaded successfully - version: 4.0.5 - missing functions: none
symbol engine: initialized successfully - sym options: 0x614 - pdb path: .;C:\pleiades\2023-12\java\21\bin;C:\WINDOWS\SYSTEM32;C:\WINDOWS\WinSxS\amd64_microsoft.windows.common-controls_6595b64144ccf1df_6.0.22621.3672_none_2713b9d173822955;C:\pleiades\2023-12\java\21\bin\server

VM Arguments:
jvm_args: -XX:+ShowCodeDetailsInExceptionMessages -agentlib:jdwp=transport=dt_socket,suspend=y,address=localhost:54829 -Dcom.sun.management.jmxremote -Dcom.sun.management.jmxremote.port=54827 -Dcom.sun.management.jmxremote.authenticate=false -Dcom.sun.management.jmxremote.ssl=false -Djava.rmi.server.hostname=localhost -Dspring.jmx.enabled=true -Dmanagement.endpoints.jmx.exposure.include=* -Dspring.application.admin.enabled=true -XX:TieredStopAtLevel=1 -Dspring.boot.project.name=sampleweb -javaagent:C:\pleiades\2023-12\eclipse\configuration\org.eclipse.osgi\249\0\.cp\lib\javaagent-shaded.jar -Dfile.encoding=UTF-8 -Dstdout.encoding=UTF-8 -Dstderr.encoding=UTF-8 
java_command: com.example.sampleweb.SamplewebApplication --spring.output.ansi.enabled=always
java_class_path (initial): C:\pleiades\2023-12\workspace\sampleweb\target\classes;C:\Users\k-suzuki\.m2\repository\org\springframework\boot\spring-boot-starter-thymeleaf\3.3.1\spring-boot-starter-thymeleaf-3.3.1.jar;C:\Users\k-suzuki\.m2\repository\org\springframework\boot\spring-boot-starter\3.3.1\spring-boot-starter-3.3.1.jar;C:\Users\k-suzuki\.m2\repository\org\springframework\boot\spring-boot-starter-logging\3.3.1\spring-boot-starter-logging-3.3.1.jar;C:\Users\k-suzuki\.m2\repository\ch\qos\logback\logback-classic\1.5.6\logback-classic-1.5.6.jar;C:\Users\k-suzuki\.m2\repository\ch\qos\logback\logback-core\1.5.6\logback-core-1.5.6.jar;C:\Users\k-suzuki\.m2\repository\org\apache\logging\log4j\log4j-to-slf4j\2.23.1\log4j-to-slf4j-2.23.1.jar;C:\Users\k-suzuki\.m2\repository\org\apache\logging\log4j\log4j-api\2.23.1\log4j-api-2.23.1.jar;C:\Users\k-suzuki\.m2\repository\org\slf4j\jul-to-slf4j\2.0.13\jul-to-slf4j-2.0.13.jar;C:\Users\k-suzuki\.m2\repository\jakarta\annotation\jakarta.annotation-api\2.1.1\jakarta.annotation-api-2.1.1.jar;C:\Users\k-suzuki\.m2\repository\org\yaml\snakeyaml\2.2\snakeyaml-2.2.jar;C:\Users\k-suzuki\.m2\repository\org\thymeleaf\thymeleaf-spring6\3.1.2.RELEASE\thymeleaf-spring6-3.1.2.RELEASE.jar;C:\Users\k-suzuki\.m2\repository\org\thymeleaf\thymeleaf\3.1.2.RELEASE\thymeleaf-3.1.2.RELEASE.jar;C:\Users\k-suzuki\.m2\repository\org\attoparser\attoparser\2.0.7.RELEASE\attoparser-2.0.7.RELEASE.jar;C:\Users\k-suzuki\.m2\repository\org\unbescape\unbescape\1.1.6.RELEASE\unbescape-1.1.6.RELEASE.jar;C:\Users\k-suzuki\.m2\repository\org\springframework\boot\spring-boot-starter-validation\3.3.1\spring-boot-starter-validation-3.3.1.jar;C:\Users\k-suzuki\.m2\repository\org\apache\tomcat\embed\tomcat-embed-el\10.1.25\tomcat-embed-el-10.1.25.jar;C:\Users\k-suzuki\.m2\repository\org\hibernate\validator\hibernate-validator\8.0.1.Final\hibernate-validator-8.0.1.Final.jar;C:\Users\k-suzuki\.m2\repository\jakarta\validation\jakarta.validation-api\3.0.2\jakarta.validation-api-3.0.2.jar;C:\Users\k-suzuki\.m2\repository\org\jboss\logging\jboss-logging\3.5.3.Final\jboss-logging-3.5.3.Final.jar;C:\Users\k-suzuki\.m2\repository\com\fasterxml\classmate\1.7.0\classmate-1.7.0.jar;C:\Users\k-suzuki\.m2\repository\org\springframework\boot\spring-boot-starter-web\3.3.1\spring-boot-starter-web-3.3.1.jar;C:\Users\k-suzuki\.m2\repository\org\springframework\boot\spring-boot-starter-json\3.3.1\spring-boot-starter-json-3.3.1.jar;C:\Users\k-suzuki\.m2\repository\com\fasterxml\jackson\core\jackson-databind\2.17.1\jackson-databind-2.17.1.jar;C:\Users\k-suzuki\.m2\repository\com\fasterxml\jackson\core\jackson-annotations\2.17.1\jackson-annotations-2.17.1.jar;C:\Users\k-suzuki\.m2\repository\com\fasterxml\jackson\core\jackson-core\2.17.1\jackson-core-2.17.1.jar;C:\Users\k-suzuki\.m2\repository\com\fasterxml\jackson\datatype\jackson-datatype-jdk8\2.17.1\jackson-datatype-jdk8-2.17.1.jar;C:\Users\k-suzuki\.m2\repository\com\fasterxml\jackson\datatype\jackson-datatype-jsr310\2.17.1\jackson-datatype-jsr310-2.17.1.jar;C:\Users\k-suzuki\.m2\repository\com\fasterxml\jackson\module\jackson-module-parameter-names\2.17.1\jackson-module-parameter-names-2.17.1.jar;C:\Users\k-suzuki\.m2\repository\org\springframework\boot\spring-boot-starter-tomcat\3.3.1\spring-boot-starter-tomcat-3.3.1.jar;C:\Users\k-suzuki\.m2\repository\org\apache\tomcat\embed\tomcat-embed-core\10.1.25\tomcat-embed-core-10.1.25.jar;C:\Users\k-suzuki\.m2\repository\org\apache\tomcat\embed\tomcat-embed-websocket\10.1.25\tomcat-embed-websocket-10.1.25.jar;C:\Users\k-suzuki\.m2\repository\org\springframework\spring-web\6.1.10\spring-web-6.1.10.jar;C:\Users\k-suzuki\.m2\repository\org\springframework\spring-webmvc\6.1.10\spring-webmvc-6.1.10.jar;C:\Users\k-suzuki\.m2\repository\org\springframework\boot\spring-boot-devtools\3.3.1\spring-boot-devtools-3.3.1.jar;C:\Users\k-suzuki\.m2\repository\org\springframework\boot\spring-boot\3.3.1\spring-boot-3.3.1.jar;C:\Users\k-suzuki\.m2\repository\org\springframework\boot\spring-boot-autoconfigure\3.3.1\spring-boot-autoconfigure-3.3.1.jar;C:\Users\k-suzuki\.m2\repository\com\mysql\mysql-connector-j\8.3.0\mysql-connector-j-8.3.0.jar;C:\Users\k-suzuki\.m2\repository\org\projectlombok\lombok\1.18.32\lombok-1.18.32.jar;C:\Users\k-suzuki\.m2\repository\jakarta\xml\bind\jakarta.xml.bind-api\4.0.2\jakarta.xml.bind-api-4.0.2.jar;C:\Users\k-suzuki\.m2\repository\jakarta\activation\jakarta.activation-api\2.1.3\jakarta.activation-api-2.1.3.jar;C:\Users\k-suzuki\.m2\repository\net\bytebuddy\byte-buddy\1.14.17\byte-buddy-1.14.17.jar;C:\Users\k-suzuki\.m2\repository\org\springframework\spring-core\6.1.10\spring-core-6.1.10.jar;C:\Users\k-suzuki\.m2\repository\org\springframework\spring-jcl\6.1.10\spring-jcl-6.1.10.jar;C:\Users\k-suzuki\.m2\repository\org\springframework\boot\spring-boot-starter-data-jpa\3.3.1\spring-boot-starter-data-jpa-3.3.1.jar;C:\Users\k-suzuki\.m2\repository\org\hibernate\orm\hibernate-core\6.5.2.Final\hibernate-core-6.5.2.Final.jar;C:\Users\k-suzuki\.m2\repository\jakarta\persistence\jakarta.persistence-api\3.1.0\jakarta.persistence-api-3.1.0.jar;C:\Users\k-suzuki\.m2\repository\jakarta\transaction\jakarta.transaction-api\2.0.1\jakarta.transaction-api-2.0.1.jar;C:\Users\k-suzuki\.m2\repository\org\hibernate\common\hibernate-commons-annotations\6.0.6.Final\hibernate-commons-annotations-6.0.6.Final.jar;C:\Users\k-suzuki\.m2\repository\io\smallrye\jandex\3.1.2\jandex-3.1.2.jar;C:\Users\k-suzuki\.m2\repository\org\glassfish\jaxb\jaxb-runtime\4.0.5\jaxb-runtime-4.0.5.jar;C:\Users\k-suzuki\.m2\repository\org\glassfish\jaxb\jaxb-core\4.0.5\jaxb-core-4.0.5.jar;C:\Users\k-suzuki\.m2\repository\org\eclipse\angus\angus-activation\2.0.2\angus-activation-2.0.2.jar;C:\Users\k-suzuki\.m2\repository\org\glassfish\jaxb\txw2\4.0.5\txw2-4.0.5.jar;C:\Users\k-suzuki\.m2\repository\com\sun\istack\istack-commons-runtime\4.1.2\istack-commons-runtime-4.1.2.jar;C:\Users\k-suzuki\.m2\repository\jakarta\inject\jakarta.inject-api\2.0.1\jakarta.inject-api-2.0.1.jar;C:\Users\k-suzuki\.m2\repository\org\antlr\antlr4-runtime\4.13.0\antlr4-runtime-4.13.0.jar;C:\Users\k-suzuki\.m2\repository\org\springframework\data\spring-data-jpa\3.3.1\spring-data-jpa-3.3.1.jar;C:\Users\k-suzuki\.m2\repository\org\springframework\data\spring-data-commons\3.3.1\spring-data-commons-3.3.1.jar;C:\Users\k-suzuki\.m2\repository\org\springframework\spring-orm\6.1.10\spring-orm-6.1.10.jar;C:\Users\k-suzuki\.m2\repository\org\springframework\spring-tx\6.1.10\spring-tx-6.1.10.jar;C:\Users\k-suzuki\.m2\repository\org\springframework\spring-aspects\6.1.10\spring-aspects-6.1.10.jar;C:\Users\k-suzuki\.m2\repository\org\springframework\security\spring-security-core\6.3.1\spring-security-core-6.3.1.jar;C:\Users\k-suzuki\.m2\repository\org\springframework\security\spring-security-crypto\6.3.1\spring-security-crypto-6.3.1.jar;C:\Users\k-suzuki\.m2\repository\org\springframework\spring-aop\6.1.10\spring-aop-6.1.10.jar;C:\Users\k-suzuki\.m2\repository\org\springframework\spring-beans\6.1.10\spring-beans-6.1.10.jar;C:\Users\k-suzuki\.m2\repository\org\springframework\spring-context\6.1.10\spring-context-6.1.10.jar;C:\Users\k-suzuki\.m2\repository\org\springframework\spring-expression\6.1.10\spring-expression-6.1.10.jar;C:\Users\k-suzuki\.m2\repository\io\micrometer\micrometer-observation\1.13.1\micrometer-observation-1.13.1.jar;C:\Users\k-suzuki\.m2\repository\io\micrometer\micrometer-commons\1.13.1\micrometer-commons-1.13.1.jar;C:\Users\k-suzuki\.m2\repository\net\sf\dozer\dozer\5.5.1\dozer-5.5.1.jar;C:\Users\k-suzuki\.m2\repository\commons-beanutils\commons-beanutils\1.9.1\commons-beanutils-1.9.1.jar;C:\Users\k-suzuki\.m2\repository\commons-collections\commons-collections\3.2.1\commons-collections-3.2.1.jar;C:\Users\k-suzuki\.m2\repository\org\apache\commons\commons-lang3\3.14.0\commons-lang3-3.14.0.jar;C:\Users\k-suzuki\.m2\repository\org\slf4j\slf4j-api\2.0.13\slf4j-api-2.0.13.jar;C:\Users\k-suzuki\.m2\repository\org\slf4j\jcl-over-slf4j\2.0.13\jcl-over-slf4j-2.0.13.jar;C:\Users\k-suzuki\.m2\repository\org\webjars\bootstrap\5.3.3\bootstrap-5.3.3.jar;C:\Users\k-suzuki\.m2\repository\org\webjars\jquery\3.7.1\jquery-3.7.1.jar;C:\Users\k-suzuki\.m2\repository\org\springframework\boot\spring-boot-starter-jdbc\3.3.1\spring-boot-starter-jdbc-3.3.1.jar;C:\Users\k-suzuki\.m2\repository\com\zaxxer\HikariCP\5.1.0\HikariCP-5.1.0.jar;C:\Users\k-suzuki\.m2\repository\org\springframework\spring-jdbc\6.1.10\spring-jdbc-6.1.10.jar;C:\Users\k-suzuki\.m2\repository\org\springframework\boot\spring-boot-starter-security\3.3.1\spring-boot-starter-security-3.3.1.jar;C:\Users\k-suzuki\.m2\repository\org\springframework\security\spring-security-config\6.3.1\spring-security-config-6.3.1.jar;C:\Users\k-suzuki\.m2\repository\org\springframework\security\spring-security-web\6.3.1\spring-security-web-6.3.1.jar;C:\Users\k-suzuki\.m2\repository\org\thymeleaf\extras\thymeleaf-extras-springsecurity6\3.1.2.RELEASE\thymeleaf-extras-springsecurity6-3.1.2.RELEASE.jar;C:\Users\k-suzuki\.m2\repository\org\springframework\boot\spring-boot-starter-aop\3.3.1\spring-boot-starter-aop-3.3.1.jar;C:\Users\k-suzuki\.m2\repository\org\aspectj\aspectjweaver\1.9.22\aspectjweaver-1.9.22.jar
Launcher Type: SUN_STANDARD

[Global flags]
     intx CICompilerCount                          = 4                                         {product} {ergonomic}
     uint ConcGCThreads                            = 2                                         {product} {ergonomic}
     uint G1ConcRefinementThreads                  = 8                                         {product} {ergonomic}
   size_t G1HeapRegionSize                         = 2097152                                   {product} {ergonomic}
    uintx GCDrainStackTargetSize                   = 64                                        {product} {ergonomic}
   size_t InitialHeapSize                          = 264241152                                 {product} {ergonomic}
     bool ManagementServer                         = true                                      {product} {command line}
   size_t MarkStackSize                            = 4194304                                   {product} {ergonomic}
   size_t MaxHeapSize                              = 4223664128                                {product} {ergonomic}
   size_t MaxNewSize                               = 2533359616                                {product} {ergonomic}
   size_t MinHeapDeltaBytes                        = 2097152                                   {product} {ergonomic}
   size_t MinHeapSize                              = 8388608                                   {product} {ergonomic}
    uintx NonNMethodCodeHeapSize                   = 4096                                   {pd product} {ergonomic}
    uintx NonProfiledCodeHeapSize                  = 0                                      {pd product} {ergonomic}
     bool ProfileInterpreter                       = false                                  {pd product} {command line}
    uintx ProfiledCodeHeapSize                     = 0                                      {pd product} {ergonomic}
     bool ShowCodeDetailsInExceptionMessages       = true                                   {manageable} {command line}
   size_t SoftMaxHeapSize                          = 4223664128                             {manageable} {ergonomic}
     intx TieredStopAtLevel                        = 1                                         {product} {command line}
     bool UseCompressedOops                        = true                           {product lp64_product} {ergonomic}
     bool UseG1GC                                  = true                                      {product} {ergonomic}
     bool UseLargePagesIndividualAllocation        = false                                  {pd product} {ergonomic}

Logging:
Log output configuration:
 #0: stdout all=warning uptime,level,tags foldmultilines=false
 #1: stderr all=off uptime,level,tags foldmultilines=false

Environment Variables:
PATH=C:/pleiades/2023-12/java/17/bin/server;C:/pleiades/2023-12/java/17/bin;C:\WINDOWS\system32;C:\WINDOWS;C:\WINDOWS\System32\Wbem;C:\WINDOWS\System32\WindowsPowerShell\v1.0\;C:\WINDOWS\System32\OpenSSH\;C:\Program Files\dotnet\;C:\Users\k-suzuki\AppData\Local\Microsoft\WindowsApps;;C:\pleiades\2023-12\eclipse;
USERNAME=k-suzuki
OS=Windows_NT
PROCESSOR_IDENTIFIER=Intel64 Family 6 Model 140 Stepping 1, GenuineIntel
TMP=C:\Users\k-suzuki\AppData\Local\Temp
TEMP=C:\Users\k-suzuki\AppData\Local\Temp




Periodic native trim disabled

---------------  S Y S T E M  ---------------

OS:
 Windows 11 , 64 bit Build 22621 (10.0.22621.3672)
OS uptime: 0 days 4:16 hours

CPU: total 8 (initial active 8) (4 cores per cpu, 2 threads per core) family 6 model 140 stepping 1 microcode 0xb4, cx8, cmov, fxsr, ht, mmx, 3dnowpref, sse, sse2, sse3, ssse3, sse4.1, sse4.2, popcnt, lzcnt, tsc, tscinvbit, avx, avx2, aes, erms, clmul, bmi1, bmi2, adx, avx512f, avx512dq, avx512cd, avx512bw, avx512vl, sha, fma, vzeroupper, avx512_vpopcntdq, avx512_vpclmulqdq, avx512_vaes, avx512_vnni, clflush, clflushopt, clwb, avx512_vbmi2, avx512_vbmi, rdtscp, rdpid, fsrm, gfni, avx512_bitalg, f16c, pku, cet_ibt, cet_ss, avx512_ifma
Processor Information for all 8 processors :
  Max Mhz: 2803, Current Mhz: 2803, Mhz Limit: 2803

Memory: 4k page, system-wide physical 16106M (8365M free)
TotalPageFile size 18538M (AvailPageFile size 7999M)
current process WorkingSet (physical memory assigned to process): 319M, peak: 339M
current process commit charge ("private bytes"): 359M, peak: 394M

vm_info: OpenJDK 64-Bit Server VM (21.0.2+13-LTS) for windows-amd64 JRE (21.0.2+13-LTS), built on 2024-01-16T00:00:00Z by "admin" with unknown MS VC++:1937

END.
