#
# A fatal error has been detected by the Java Runtime Environment:
#
#  EXCEPTION_ACCESS_VIOLATION (0xc0000005) at pc=0x00007fffc8a7c1b6, pid=1132, tid=18096
#
# JRE version: OpenJDK Runtime Environment Temurin-21.0.2+13 (21.0.2+13) (build 21.0.2+13-LTS)
# Java VM: OpenJDK 64-Bit Server VM Temurin-21.0.2+13 (21.0.2+13-LTS, mixed mode, emulated-client, sharing, tiered, compressed oops, compressed class ptrs, g1 gc, windows-amd64)
# Problematic frame:
# V  [jvm.dll+0xc1b6]
#
# No core dump will be written. Minidumps are not enabled by default on client versions of Windows
#
# If you would like to submit a bug report, please visit:
#   https://github.com/adoptium/adoptium-support/issues
#

---------------  S U M M A R Y ------------

Command Line: -XX:+ShowCodeDetailsInExceptionMessages -agentlib:jdwp=transport=dt_socket,suspend=y,address=localhost:59911 -Dcom.sun.management.jmxremote -Dcom.sun.management.jmxremote.port=59910 -Dcom.sun.management.jmxremote.authenticate=false -Dcom.sun.management.jmxremote.ssl=false -Djava.rmi.server.hostname=localhost -Dspring.jmx.enabled=true -Dmanagement.endpoints.jmx.exposure.include=* -Dspring.application.admin.enabled=true -XX:TieredStopAtLevel=1 -Dspring.boot.project.name=sampleweb -javaagent:C:\pleiades\2023-12\eclipse\configuration\org.eclipse.osgi\249\0\.cp\lib\javaagent-shaded.jar -Dfile.encoding=UTF-8 -Dstdout.encoding=UTF-8 -Dstderr.encoding=UTF-8 com.example.sampleweb.SamplewebApplication --spring.output.ansi.enabled=always

Host: 11th Gen Intel(R) Core(TM) i7-1165G7 @ 2.80GHz, 8 cores, 15G,  Windows 11 , 64 bit Build 22621 (10.0.22621.3672)
Time: Fri Jun 28 14:42:54 2024  Windows 11 , 64 bit Build 22621 (10.0.22621.3672) elapsed time: 5991.817129 seconds (0d 1h 39m 51s)

---------------  T H R E A D  ---------------

Current thread (0x0000017e15bbcb40):  WorkerThread "GC Thread#6"    [id=18096, stack(0x00000051c7e00000,0x00000051c7f00000) (1024K)]

Stack: [0x00000051c7e00000,0x00000051c7f00000],  sp=0x00000051c7efe2e8,  free space=1016k
Native frames: (J=compiled Java code, j=interpreted, Vv=VM code, C=native code)
V  [jvm.dll+0xc1b6]

JavaThread 0x0000017e1e1c0200 (nid = 9164) was being processed
Java frames: (J=compiled Java code, j=interpreted, Vv=VM code)
j  java.lang.invoke.DirectMethodHandle$Holder.newInvokeSpecial(Ljava/lang/Object;Ljava/lang/Object;)Ljava/lang/Object;+16 java.base@21.0.2
J 9687 c1 java.lang.invoke.LambdaForm$MH+0x0000017dd111a400.invoke(Ljava/lang/Object;Ljava/lang/Object;)Ljava/lang/Object; java.base@21.0.2 (35 bytes) @ 0x0000017dc62ac2ec [0x0000017dc62ac1e0+0x000000000000010c]
J 891 c1 jdk.internal.reflect.DirectConstructorHandleAccessor.newInstance([Ljava/lang/Object;)Ljava/lang/Object; java.base@21.0.2 (130 bytes) @ 0x0000017dc56c5324 [0x0000017dc56c50e0+0x0000000000000244]
J 890 c1 java.lang.reflect.Constructor.newInstanceWithCaller([Ljava/lang/Object;ZLjava/lang/Class;)Ljava/lang/Object; java.base@21.0.2 (51 bytes) @ 0x0000017dc56c3d3c [0x0000017dc56c3c60+0x00000000000000dc]
J 3430 c1 org.springframework.beans.BeanUtils.instantiateClass(Ljava/lang/reflect/Constructor;[Ljava/lang/Object;)Ljava/lang/Object; (208 bytes) @ 0x0000017dc5c6d28c [0x0000017dc5c6cd80+0x000000000000050c]
j  org.springframework.beans.factory.support.SimpleInstantiationStrategy.instantiate(Lorg/springframework/beans/factory/support/RootBeanDefinition;Ljava/lang/String;Lorg/springframework/beans/factory/BeanFactory;Ljava/lang/reflect/Constructor;[Ljava/lang/Object;)Ljava/lang/Object;+11
j  org.springframework.beans.factory.support.ConstructorResolver.instantiate(Ljava/lang/String;Lorg/springframework/beans/factory/support/RootBeanDefinition;Ljava/lang/reflect/Constructor;[Ljava/lang/Object;)Ljava/lang/Object;+20
j  org.springframework.beans.factory.support.ConstructorResolver.autowireConstructor(Ljava/lang/String;Lorg/springframework/beans/factory/support/RootBeanDefinition;[Ljava/lang/reflect/Constructor;[Ljava/lang/Object;)Lorg/springframework/beans/BeanWrapper;+900
J 8397 c1 org.springframework.beans.factory.support.AbstractAutowireCapableBeanFactory.createBeanInstance(Ljava/lang/String;Lorg/springframework/beans/factory/support/RootBeanDefinition;[Ljava/lang/Object;)Lorg/springframework/beans/BeanWrapper; (245 bytes) @ 0x0000017dc63c7694 [0x0000017dc63c6f40+0x0000000000000754]
J 5866 c1 org.springframework.beans.factory.support.AbstractAutowireCapableBeanFactory.doCreateBean(Ljava/lang/String;Lorg/springframework/beans/factory/support/RootBeanDefinition;[Ljava/lang/Object;)Ljava/lang/Object; (469 bytes) @ 0x0000017dc60b73cc [0x0000017dc60b7220+0x00000000000001ac]
J 5865 c1 org.springframework.beans.factory.support.AbstractAutowireCapableBeanFactory.createBean(Ljava/lang/String;Lorg/springframework/beans/factory/support/RootBeanDefinition;[Ljava/lang/Object;)Ljava/lang/Object; (214 bytes) @ 0x0000017dc60b07bc [0x0000017dc60b02c0+0x00000000000004fc]
J 8094 c1 org.springframework.beans.factory.support.AbstractBeanFactory$$Lambda+0x0000017dd127b978.getObject()Ljava/lang/Object; (20 bytes) @ 0x0000017dc6341fbc [0x0000017dc6341f20+0x000000000000009c]
J 5876 c1 org.springframework.beans.factory.support.DefaultSingletonBeanRegistry.getSingleton(Ljava/lang/String;Lorg/springframework/beans/factory/ObjectFactory;)Ljava/lang/Object; (279 bytes) @ 0x0000017dc60bb9bc [0x0000017dc60bb660+0x000000000000035c]
J 3249 c1 org.springframework.beans.factory.support.AbstractBeanFactory.doGetBean(Ljava/lang/String;Ljava/lang/Class;[Ljava/lang/Object;Z)Ljava/lang/Object; (787 bytes) @ 0x0000017dc5c16db4 [0x0000017dc5c16740+0x0000000000000674]
J 5782 c1 org.springframework.beans.factory.support.AbstractBeanFactory.getBean(Ljava/lang/String;)Ljava/lang/Object; (9 bytes) @ 0x0000017dc60827b4 [0x0000017dc6082740+0x0000000000000074]
j  org.springframework.beans.factory.support.DefaultListableBeanFactory.preInstantiateSingletons()V+152
j  org.springframework.context.support.AbstractApplicationContext.finishBeanFactoryInitialization(Lorg/springframework/beans/factory/config/ConfigurableListableBeanFactory;)V+135
j  org.springframework.context.support.AbstractApplicationContext.refresh()V+94
j  org.springframework.boot.web.servlet.context.ServletWebServerApplicationContext.refresh()V+1
j  org.springframework.boot.SpringApplication.refresh(Lorg/springframework/context/ConfigurableApplicationContext;)V+1
j  org.springframework.boot.SpringApplication.refreshContext(Lorg/springframework/context/ConfigurableApplicationContext;)V+16
j  org.springframework.boot.SpringApplication.run([Ljava/lang/String;)Lorg/springframework/context/ConfigurableApplicationContext;+110
j  org.springframework.boot.SpringApplication.run([Ljava/lang/Class;[Ljava/lang/String;)Lorg/springframework/context/ConfigurableApplicationContext;+9
j  org.springframework.boot.SpringApplication.run(Ljava/lang/Class;[Ljava/lang/String;)Lorg/springframework/context/ConfigurableApplicationContext;+9
j  com.example.sampleweb.SamplewebApplication.main([Ljava/lang/String;)V+3
j  java.lang.invoke.LambdaForm$DMH+0x0000017dd1004c00.invokeStatic(Ljava/lang/Object;Ljava/lang/Object;)V+10 java.base@21.0.2
j  java.lang.invoke.LambdaForm$MH+0x0000017dd1123400.invoke(Ljava/lang/Object;Ljava/lang/Object;Ljava/lang/Object;)Ljava/lang/Object;+33 java.base@21.0.2
J 4872 c1 jdk.internal.reflect.DirectMethodHandleAccessor.invoke(Ljava/lang/Object;[Ljava/lang/Object;)Ljava/lang/Object; java.base@21.0.2 (92 bytes) @ 0x0000017dc5ee967c [0x0000017dc5ee92c0+0x00000000000003bc]
J 4897 c1 java.lang.reflect.Method.invoke(Ljava/lang/Object;[Ljava/lang/Object;)Ljava/lang/Object; java.base@21.0.2 (108 bytes) @ 0x0000017dc5ef0574 [0x0000017dc5ef0380+0x00000000000001f4]
j  org.springframework.boot.devtools.restart.RestartLauncher.run()V+47
v  ~StubRoutines::call_stub 0x0000017dc53910e7

siginfo: EXCEPTION_ACCESS_VIOLATION (0xc0000005), reading address 0x0000017ea072d0b8


Registers:
RAX=0x0000000000000000, RBX=0x0000000000000000, RCX=0x00000051c78fdeb8, RDX=0x00000051c78fdeb8
RSP=0x00000051c7efe2e8, RBP=0x00000051c7efe4c0, RSI=0x00000051c7efe690, RDI=0x00000051c78fdeb8
R8 =0x0000017ea072d0b0, R9 =0x00000051c78fdeb8, R10=0x0000017dc5390000, R11=0x00000051c7efe538
R12=0x0000017dd05447e8, R13=0x00000051c78fdeb8, R14=0x0000017e15a394c0, R15=0x0000017ea072d0b0
RIP=0x00007fffc8a7c1b6, EFLAGS=0x0000000000010202


Register to memory mapping:

RAX=0x0 is null
RBX=0x0 is null
RCX=0x00000051c78fdeb8 is pointing into the stack for thread: 0x0000017e1e1c0200
RDX=0x00000051c78fdeb8 is pointing into the stack for thread: 0x0000017e1e1c0200
RSP=0x00000051c7efe2e8 points into unknown readable memory: 0x00007fffc8dc59db | db 59 dc c8 ff 7f 00 00
RBP=0x00000051c7efe4c0 points into unknown readable memory: 0x0000017d00000000 | 00 00 00 00 7d 01 00 00
RSI=0x00000051c7efe690 points into unknown readable memory: 0x00000051c78fdea8 | a8 de 8f c7 51 00 00 00
RDI=0x00000051c78fdeb8 is pointing into the stack for thread: 0x0000017e1e1c0200
R8 =0x0000017ea072d0b0 is an unknown value
R9 =0x00000051c78fdeb8 is pointing into the stack for thread: 0x0000017e1e1c0200
R10=0x0000017dc5390000 points into unknown readable memory: 0x0000000000000006 | 06 00 00 00 00 00 00 00
R11=0x00000051c7efe538 points into unknown readable memory: 0x00007fffc8d83f7d | 7d 3f d8 c8 ff 7f 00 00
R12=0x0000017dd05447e8 is pointing into metadata
R13=0x00000051c78fdeb8 is pointing into the stack for thread: 0x0000017e1e1c0200
R14=0x0000017e15a394c0 points into unknown readable memory: 0x00007fffc94927d8 | d8 27 49 c9 ff 7f 00 00
R15=0x0000017ea072d0b0 is an unknown value

Top of Stack: (sp=0x00000051c7efe2e8)
0x00000051c7efe2e8:   00007fffc8dc59db 0000000000000000
0x00000051c7efe2f8:   00007fffc9107e13 000000000000012f
0x00000051c7efe308:   00007fffc912814f 000000000000012f
0x00000051c7efe318:   0000000000000013 0000017dc552c010
0x00000051c7efe328:   00007fffc9202111 0000017dbcd66a70
0x00000051c7efe338:   00000051c7efe398 0000017e1e26ad18
0x00000051c7efe348:   0000000000000000 0000017e15afcba0
0x00000051c7efe358:   0000017e15984ce0 0000017dd05447e8
0x00000051c7efe368:   00000051c78fdeb8 00000051c7efe690
0x00000051c7efe378:   00000051c7efe4c0 0000017e1e26ad18
0x00000051c7efe388:   00007fffc8dd3fe4 00000051c7efe450
0x00000051c7efe398:   00000051c7efe690 0000017dd0480090
0x00000051c7efe3a8:   0000000000000000 0000017e1e26ad18
0x00000051c7efe3b8:   00007fffc8d8452b 0000000000000002
0x00000051c7efe3c8:   0000017dd00b6488 0000017e1e26ad18
0x00000051c7efe3d8:   00000051c7efe690 00000010c552c001
0x00000051c7efe3e8:   0000017dd00b6488 0000017e15bbcb40
0x00000051c7efe3f8:   0000017d00000004 00000000000003d8
0x00000051c7efe408:   0000017e15984cf0 0000017e159850c8
0x00000051c7efe418:   0000017dd072d0b0 0000017d000000b8
0x00000051c7efe428:   0000017dd00b6488 00007fffc9489f00
0x00000051c7efe438:   00000051c7efe690 0000017e1e26ad18
0x00000051c7efe448:   0000000400000003 0000017dd05447e8
0x00000051c7efe458:   0000001300000001 0000000000000044
0x00000051c7efe468:   000000010000000c 0000017dd0480090
0x00000051c7efe478:   0000000000000000 0000017dc552c010
0x00000051c7efe488:   00003da61c173ac1 00007fffc92c5820
0x00000051c7efe498:   00000051c7efe520 00000000000003d8
0x00000051c7efe4a8:   0000017e159850c8 0000017dd0017600
0x00000051c7efe4b8:   00000006c5520013 0000017d00000000
0x00000051c7efe4c8:   0000000000000015 0000017e1e26ad18
0x00000051c7efe4d8:   00007fffc8dd403e 0000000000000000 

Instructions: (pc=0x00007fffc8a7c1b6)
0x00007fffc8a7c0b6:   48 8b 05 33 43 cc 00 48 8b 48 60 48 8b 04 d1 48
0x00007fffc8a7c0c6:   85 c0 75 08 48 8b 05 27 43 cc 00 c3 48 8b 05 17
0x00007fffc8a7c0d6:   43 cc 00 c3 cc cc cc cc cc cc 8b 05 d2 1e c1 00
0x00007fffc8a7c0e6:   c3 cc cc cc cc cc cc cc cc cc 0f b6 05 23 35 c1
0x00007fffc8a7c0f6:   00 48 8b d1 84 c0 74 16 44 8b 41 08 8b 0d b0 1e
0x00007fffc8a7c106:   c1 00 49 d3 e0 4c 03 05 9e 1e c1 00 eb 04 4c 8b
0x00007fffc8a7c116:   41 08 45 8b 48 08 45 85 c9 7e 0e 41 f6 c1 01 75
0x00007fffc8a7c126:   53 41 c1 f9 03 49 63 c1 c3 79 49 84 c0 41 b8 0c
0x00007fffc8a7c136:   00 00 00 8b 05 e9 2f c1 00 b9 10 00 00 00 41 0f
0x00007fffc8a7c146:   45 c8 ff c8 4c 63 c0 41 8b c1 48 c1 f8 10 0f b6
0x00007fffc8a7c156:   c0 48 63 14 11 41 8b c9 83 e1 3f 48 d3 e2 49 8d
0x00007fffc8a7c166:   0c 10 49 f7 d0 48 03 c1 49 c1 e8 03 48 c1 e8 03
0x00007fffc8a7c176:   49 23 c0 c3 49 8b 00 49 8b c8 48 ff a0 00 01 00
0x00007fffc8a7c186:   00 cc cc cc cc cc cc cc cc cc 8b 44 24 30 45 03
0x00007fffc8a7c196:   c9 44 2b 4c 24 28 83 c0 0b 44 03 ca 45 03 c8 41
0x00007fffc8a7c1a6:   03 c1 c3 cc cc cc cc cc cc cc 4c 8b c2 48 8b d1
0x00007fffc8a7c1b6:   45 8b 48 08 45 85 c9 7e 0e 41 f6 c1 01 75 56 41
0x00007fffc8a7c1c6:   c1 f9 03 49 63 c1 c3 79 4c 80 3d 44 34 c1 00 00
0x00007fffc8a7c1d6:   b8 0c 00 00 00 b9 10 00 00 00 0f 45 c8 8b 05 3f
0x00007fffc8a7c1e6:   2f c1 00 ff c8 4c 63 c0 41 8b c1 48 c1 f8 10 48
0x00007fffc8a7c1f6:   63 14 11 41 8b c9 83 e1 3f 0f b6 c0 48 d3 e2 49
0x00007fffc8a7c206:   8d 0c 10 49 f7 d0 48 03 c1 49 c1 e8 03 48 c1 e8
0x00007fffc8a7c216:   03 49 23 c0 c3 49 8b 00 49 8b c8 48 ff a0 00 01
0x00007fffc8a7c226:   00 00 cc cc cc cc cc cc cc cc 48 8b 41 08 0f b7
0x00007fffc8a7c236:   48 2c 0f b7 40 2a 83 c0 48 03 c1 c3 cc cc cc cc
0x00007fffc8a7c246:   cc cc cc cc cc cc cc cc cc cc 48 89 5c 24 08 57
0x00007fffc8a7c256:   48 83 ec 20 0f b6 05 df 2a cc 00 48 8b fa 48 8b
0x00007fffc8a7c266:   d9 84 c0 74 4f 48 85 15 86 22 cc 00 74 38 48 8b
0x00007fffc8a7c276:   ca e8 84 84 8c 00 48 8b d0 48 85 db 74 25 48 85
0x00007fffc8a7c286:   c0 74 20 48 8b c7 f0 48 0f b1 13 74 16 48 85 05
0x00007fffc8a7c296:   5e 22 cc 00 74 0d 48 8b c8 f0 48 0f b1 13 48 3b
0x00007fffc8a7c2a6:   c1 75 ea 48 8b fa 48 8b c7 48 8b 5c 24 30 48 83 


Stack slot to memory mapping:

stack at sp + 0 slots: 0x00007fffc8dc59db jvm.dll
stack at sp + 1 slots: 0x0 is null
stack at sp + 2 slots: 0x00007fffc9107e13 jvm.dll
stack at sp + 3 slots: 0x000000000000012f is an unknown value
stack at sp + 4 slots: 0x00007fffc912814f jvm.dll
stack at sp + 5 slots: 0x000000000000012f is an unknown value
stack at sp + 6 slots: 0x0000000000000013 is an unknown value
stack at sp + 7 slots: 0x0000017dc552c010 is at entry_point+-528 in (nmethod*)0x0000017dc552c010
Compiled method (c1) 5991844 6590   !   1       java.util.concurrent.ThreadPoolExecutor::getTask (177 bytes)
 total in heap  [0x0000017dc552c010,0x0000017dc552c9e8] = 2520
 relocation     [0x0000017dc552c170,0x0000017dc552c208] = 152
 main code      [0x0000017dc552c220,0x0000017dc552c6f0] = 1232
 stub code      [0x0000017dc552c6f0,0x0000017dc552c768] = 120
 metadata       [0x0000017dc552c768,0x0000017dc552c7c0] = 88
 scopes data    [0x0000017dc552c7c0,0x0000017dc552c880] = 192
 scopes pcs     [0x0000017dc552c880,0x0000017dc552c950] = 208
 dependencies   [0x0000017dc552c950,0x0000017dc552c968] = 24
 handler table  [0x0000017dc552c968,0x0000017dc552c9c8] = 96
 nul chk table  [0x0000017dc552c9c8,0x0000017dc552c9e8] = 32


---------------  P R O C E S S  ---------------

Threads class SMR info:
_java_thread_list=0x0000017e18ecfda0, length=29, elements={
0x0000017dcfe25c50, 0x0000017dcfe26d20, 0x0000017dcfe29a20, 0x0000017dcfe2ab60,
0x0000017dcfe304f0, 0x0000017dcfe32920, 0x0000017dcfe358f0, 0x0000017e15088e80,
0x0000017e15164cb0, 0x0000017e151718c0, 0x0000017e15172760, 0x0000017e159a96a0,
0x0000017e15b85930, 0x0000017e15c4cf20, 0x0000017e15c65e00, 0x0000017e16143860,
0x0000017e1618ae70, 0x0000017e16259ca0, 0x0000017e18661150, 0x0000017e1865e360,
0x0000017e1e1c7190, 0x0000017e1e1c50c0, 0x0000017e1e1c5750, 0x0000017e1e1c0f20,
0x0000017e1e1c0200, 0x0000017e1e1c6b00, 0x0000017e1e1c3d10, 0x0000017e1e1c7820,
0x0000017e1e1c6470
}

Java Threads: ( => current thread )
  0x0000017dcfe25c50 JavaThread "Reference Handler"          daemon [_thread_blocked, id=16116, stack(0x00000051c6a00000,0x00000051c6b00000) (1024K)]
  0x0000017dcfe26d20 JavaThread "Finalizer"                  daemon [_thread_blocked, id=1740, stack(0x00000051c6b00000,0x00000051c6c00000) (1024K)]
  0x0000017dcfe29a20 JavaThread "Signal Dispatcher"          daemon [_thread_blocked, id=8864, stack(0x00000051c6c00000,0x00000051c6d00000) (1024K)]
  0x0000017dcfe2ab60 JavaThread "Attach Listener"            daemon [_thread_blocked, id=1012, stack(0x00000051c6d00000,0x00000051c6e00000) (1024K)]
  0x0000017dcfe304f0 JavaThread "Service Thread"             daemon [_thread_blocked, id=15240, stack(0x00000051c6e00000,0x00000051c6f00000) (1024K)]
  0x0000017dcfe32920 JavaThread "Monitor Deflation Thread"   daemon [_thread_blocked, id=15736, stack(0x00000051c6f00000,0x00000051c7000000) (1024K)]
  0x0000017dcfe358f0 JavaThread "C1 CompilerThread0"         daemon [_thread_blocked, id=13740, stack(0x00000051c7000000,0x00000051c7100000) (1024K)]
  0x0000017e15088e80 JavaThread "Common-Cleaner"             daemon [_thread_blocked, id=15744, stack(0x00000051c7100000,0x00000051c7200000) (1024K)]
  0x0000017e15164cb0 JavaThread "JDWP Transport Listener: dt_socket" daemon [_thread_blocked, id=4520, stack(0x00000051c7300000,0x00000051c7400000) (1024K)]
  0x0000017e151718c0 JavaThread "JDWP Event Helper Thread"   daemon [_thread_blocked, id=11860, stack(0x00000051c7400000,0x00000051c7500000) (1024K)]
  0x0000017e15172760 JavaThread "JDWP Command Reader"        daemon [_thread_in_native, id=8308, stack(0x00000051c7500000,0x00000051c7600000) (1024K)]
  0x0000017e159a96a0 JavaThread "Notification Thread"        daemon [_thread_blocked, id=11780, stack(0x00000051c7600000,0x00000051c7700000) (1024K)]
  0x0000017e15b85930 JavaThread "RMI TCP Accept-0"           daemon [_thread_in_native, id=10140, stack(0x00000051c8000000,0x00000051c8100000) (1024K)]
  0x0000017e15c4cf20 JavaThread "RMI TCP Accept-59910"       daemon [_thread_in_native, id=5104, stack(0x00000051c8100000,0x00000051c8200000) (1024K)]
  0x0000017e15c65e00 JavaThread "RMI TCP Accept-0"           daemon [_thread_in_native, id=9880, stack(0x00000051c8200000,0x00000051c8300000) (1024K)]
  0x0000017e16143860 JavaThread "RMI Scheduler(0)"           daemon [_thread_blocked, id=8788, stack(0x00000051c8400000,0x00000051c8500000) (1024K)]
  0x0000017e1618ae70 JavaThread "JMX server connection timeout 38" daemon [_thread_blocked, id=17548, stack(0x00000051c8600000,0x00000051c8700000) (1024K)]
  0x0000017e16259ca0 JavaThread "mysql-cj-abandoned-connection-cleanup" daemon [_thread_blocked, id=3752, stack(0x00000051c8d00000,0x00000051c8e00000) (1024K)]
  0x0000017e18661150 JavaThread "Live Reload Server"         daemon [_thread_in_native, id=8632, stack(0x00000051c9300000,0x00000051c9400000) (1024K)]
  0x0000017e1865e360 JavaThread "DestroyJavaVM"                     [_thread_blocked, id=17120, stack(0x00000051c6200000,0x00000051c6300000) (1024K)]
  0x0000017e1e1c7190 JavaThread "RMI TCP Connection(idle)"   daemon [_thread_blocked, id=15160, stack(0x00000051c5f00000,0x00000051c6000000) (1024K)]
  0x0000017e1e1c50c0 JavaThread "Thread-7"                          [_thread_blocked, id=17608, stack(0x00000051c6000000,0x00000051c6100000) (1024K)]
  0x0000017e1e1c5750 JavaThread "File Watcher"               daemon [_thread_blocked, id=14024, stack(0x00000051c6100000,0x00000051c6200000) (1024K)]
  0x0000017e1e1c0f20 JavaThread "File Watcher"               daemon [_thread_blocked, id=15024, stack(0x00000051c7700000,0x00000051c7800000) (1024K)]
  0x0000017e1e1c0200 JavaThread "restartedMain"                     [_thread_blocked, id=9164, stack(0x00000051c7800000,0x00000051c7900000) (1024K)]
  0x0000017e1e1c6b00 JavaThread "Catalina-utility-1"                [_thread_blocked, id=17912, stack(0x00000051c8300000,0x00000051c8400000) (1024K)]
  0x0000017e1e1c3d10 JavaThread "Catalina-utility-2"                [_thread_blocked, id=16204, stack(0x00000051c8500000,0x00000051c8600000) (1024K)]
  0x0000017e1e1c7820 JavaThread "container-2"                       [_thread_blocked, id=16760, stack(0x00000051c8700000,0x00000051c8800000) (1024K)]
  0x0000017e1e1c6470 JavaThread "HikariPool-5 housekeeper"   daemon [_thread_blocked, id=14520, stack(0x00000051c8800000,0x00000051c8900000) (1024K)]
Total: 29

Other Threads:
  0x0000017dcfe04600 VMThread "VM Thread"                           [id=10644, stack(0x00000051c6900000,0x00000051c6a00000) (1024K)]
  0x0000017dcfdf0540 WatcherThread "VM Periodic Task Thread"        [id=16716, stack(0x00000051c6800000,0x00000051c6900000) (1024K)]
  0x0000017dbcd2fb50 WorkerThread "GC Thread#0"                     [id=9092, stack(0x00000051c6300000,0x00000051c6400000) (1024K)]
  0x0000017e15b8ae00 WorkerThread "GC Thread#1"                     [id=10624, stack(0x00000051c7900000,0x00000051c7a00000) (1024K)]
  0x0000017e15b8b1a0 WorkerThread "GC Thread#2"                     [id=8824, stack(0x00000051c7a00000,0x00000051c7b00000) (1024K)]
  0x0000017e15b8b540 WorkerThread "GC Thread#3"                     [id=9224, stack(0x00000051c7b00000,0x00000051c7c00000) (1024K)]
  0x0000017e15b8b8e0 WorkerThread "GC Thread#4"                     [id=8452, stack(0x00000051c7c00000,0x00000051c7d00000) (1024K)]
  0x0000017e15b8fc90 WorkerThread "GC Thread#5"                     [id=14040, stack(0x00000051c7d00000,0x00000051c7e00000) (1024K)]
=>0x0000017e15bbcb40 WorkerThread "GC Thread#6"                     [id=18096, stack(0x00000051c7e00000,0x00000051c7f00000) (1024K)]
  0x0000017e15bbcee0 WorkerThread "GC Thread#7"                     [id=14996, stack(0x00000051c7f00000,0x00000051c8000000) (1024K)]
  0x0000017dbcd41040 ConcurrentGCThread "G1 Main Marker"            [id=14092, stack(0x00000051c6400000,0x00000051c6500000) (1024K)]
  0x0000017dbcd41b40 WorkerThread "G1 Conc#0"                       [id=6676, stack(0x00000051c6500000,0x00000051c6600000) (1024K)]
  0x0000017e1626e4e0 WorkerThread "G1 Conc#1"                       [id=14808, stack(0x00000051c8a00000,0x00000051c8b00000) (1024K)]
  0x0000017dbcd7e070 ConcurrentGCThread "G1 Refine#0"               [id=17396, stack(0x00000051c6600000,0x00000051c6700000) (1024K)]
  0x0000017dcfcc5590 ConcurrentGCThread "G1 Service"                [id=17792, stack(0x00000051c6700000,0x00000051c6800000) (1024K)]
Total: 15

Threads with active compile tasks:
Total: 0

VM state: at safepoint (normal execution)

VM Mutex/Monitor currently owned by a thread:  ([mutex/lock_event])
[0x00007fffc9713198] Threads_lock - owner thread: 0x0000017dcfe04600
[0x00007fffc9713298] Heap_lock - owner thread: 0x0000017e1e1c5750

Heap address: 0x0000000704400000, size: 4028 MB, Compressed Oops mode: Zero based, Oop shift amount: 3

CDS archive(s) mapped at: [0x0000017dd0000000-0x0000017dd0c90000-0x0000017dd0c90000), size 13172736, SharedBaseAddress: 0x0000017dd0000000, ArchiveRelocationMode: 1.
Compressed class space mapped at: 0x0000017dd1000000-0x0000017e11000000, reserved size: 1073741824
Narrow klass base: 0x0000017dd0000000, Narrow klass shift: 0, Narrow klass range: 0x100000000

GC Precious Log:
 CardTable entry size: 512
 Card Set container configuration: InlinePtr #cards 4 size 8 Array Of Cards #cards 16 size 48 Howl #buckets 8 coarsen threshold 3686 Howl Bitmap #cards 512 size 80 coarsen threshold 460 Card regions per heap region 1 cards per card region 4096
 CPUs: 8 total, 8 available
 Memory: 16106M
 Large Page Support: Disabled
 NUMA Support: Disabled
 Compressed Oops: Enabled (Zero based)
 Heap Region Size: 2M
 Heap Min Capacity: 8M
 Heap Initial Capacity: 252M
 Heap Max Capacity: 4028M
 Pre-touch: Disabled
 Parallel Workers: 8
 Concurrent Workers: 2
 Concurrent Refinement Workers: 8
 Periodic GC: Disabled

Heap:
 garbage-first heap   total 102400K, used 87246K [0x0000000704400000, 0x0000000800000000)
  region size 2048K, 27 young (55296K), 3 survivors (6144K)
 Metaspace       used 77537K, committed 78272K, reserved 1179648K
  class space    used 10750K, committed 11072K, reserved 1048576K

Heap Regions: E=young(eden), S=young(survivor), O=old, HS=humongous(starts), HC=humongous(continues), CS=collection set, F=free, TAMS=top-at-mark-start, PB=parsable bottom
|   0|0x0000000704400000, 0x0000000704600000, 0x0000000704600000|100%| O|  |TAMS 0x0000000704400000| PB 0x0000000704400000| Untracked 
|   1|0x0000000704600000, 0x00000007047fffd8, 0x0000000704800000| 99%| O|  |TAMS 0x0000000704600000| PB 0x0000000704600000| Untracked 
|   2|0x0000000704800000, 0x0000000704a00000, 0x0000000704a00000|100%| O|  |TAMS 0x0000000704800000| PB 0x0000000704800000| Untracked 
|   3|0x0000000704a00000, 0x0000000704bffff8, 0x0000000704c00000| 99%| O|  |TAMS 0x0000000704a00000| PB 0x0000000704a00000| Untracked 
|   4|0x0000000704c00000, 0x0000000704dffff0, 0x0000000704e00000| 99%| O|  |TAMS 0x0000000704c00000| PB 0x0000000704c00000| Untracked 
|   5|0x0000000704e00000, 0x0000000704fffff0, 0x0000000705000000| 99%| O|  |TAMS 0x0000000704e00000| PB 0x0000000704e00000| Untracked 
|   6|0x0000000705000000, 0x00000007051ffff8, 0x0000000705200000| 99%| O|  |TAMS 0x0000000705000000| PB 0x0000000705000000| Untracked 
|   7|0x0000000705200000, 0x00000007053ffff0, 0x0000000705400000| 99%| O|  |TAMS 0x0000000705200000| PB 0x0000000705200000| Untracked 
|   8|0x0000000705400000, 0x00000007055fcb00, 0x0000000705600000| 99%| O|  |TAMS 0x0000000705400000| PB 0x0000000705400000| Untracked 
|   9|0x0000000705600000, 0x00000007057fffd0, 0x0000000705800000| 99%| O|  |TAMS 0x0000000705600000| PB 0x0000000705600000| Untracked 
|  10|0x0000000705800000, 0x0000000705984720, 0x0000000705a00000| 75%| O|  |TAMS 0x0000000705800000| PB 0x0000000705800000| Untracked 
|  11|0x0000000705a00000, 0x0000000705b77c80, 0x0000000705c00000| 73%| O|  |TAMS 0x0000000705a00000| PB 0x0000000705a00000| Untracked 
|  12|0x0000000705c00000, 0x0000000705e00000, 0x0000000705e00000|100%| O|  |TAMS 0x0000000705c00000| PB 0x0000000705c00000| Untracked 
|  13|0x0000000705e00000, 0x0000000705f27d98, 0x0000000706000000| 57%| O|  |TAMS 0x0000000705e00000| PB 0x0000000705e00000| Untracked 
|  14|0x0000000706000000, 0x0000000706162a98, 0x0000000706200000| 69%| O|  |TAMS 0x0000000706000000| PB 0x0000000706000000| Untracked 
|  15|0x0000000706200000, 0x0000000706400000, 0x0000000706400000|100%| O|  |TAMS 0x0000000706200000| PB 0x0000000706200000| Untracked 
|  16|0x0000000706400000, 0x0000000706600000, 0x0000000706600000|100%| O|  |TAMS 0x0000000706400000| PB 0x0000000706400000| Untracked 
|  17|0x0000000706600000, 0x00000007066b7ab0, 0x0000000706800000| 35%| O|  |TAMS 0x0000000706600000| PB 0x0000000706600000| Untracked 
|  18|0x0000000706800000, 0x0000000706800000, 0x0000000706a00000|  0%| F|  |TAMS 0x0000000706800000| PB 0x0000000706800000| Untracked 
|  19|0x0000000706a00000, 0x0000000706a64308, 0x0000000706c00000| 19%| S|  |TAMS 0x0000000706a00000| PB 0x0000000706a00000| Complete 
|  20|0x0000000706c00000, 0x0000000706e00000, 0x0000000706e00000|100%| O|  |TAMS 0x0000000706c00000| PB 0x0000000706c00000| Untracked 
|  21|0x0000000706e00000, 0x0000000707000000, 0x0000000707000000|100%| S|  |TAMS 0x0000000706e00000| PB 0x0000000706e00000| Complete 
|  22|0x0000000707000000, 0x0000000707200000, 0x0000000707200000|100%| S|  |TAMS 0x0000000707000000| PB 0x0000000707000000| Complete 
|  23|0x0000000707200000, 0x0000000707400000, 0x0000000707400000|100%| E|CS|TAMS 0x0000000707200000| PB 0x0000000707200000| Complete 
|  24|0x0000000707400000, 0x0000000707600000, 0x0000000707600000|100%| E|CS|TAMS 0x0000000707400000| PB 0x0000000707400000| Complete 
|  25|0x0000000707600000, 0x0000000707800000, 0x0000000707800000|100%| E|CS|TAMS 0x0000000707600000| PB 0x0000000707600000| Complete 
|  26|0x0000000707800000, 0x0000000707a00000, 0x0000000707a00000|100%| E|CS|TAMS 0x0000000707800000| PB 0x0000000707800000| Complete 
|  27|0x0000000707a00000, 0x0000000707c00000, 0x0000000707c00000|100%| E|CS|TAMS 0x0000000707a00000| PB 0x0000000707a00000| Complete 
|  28|0x0000000707c00000, 0x0000000707e00000, 0x0000000707e00000|100%| E|CS|TAMS 0x0000000707c00000| PB 0x0000000707c00000| Complete 
|  29|0x0000000707e00000, 0x0000000708000000, 0x0000000708000000|100%| E|CS|TAMS 0x0000000707e00000| PB 0x0000000707e00000| Complete 
|  30|0x0000000708000000, 0x0000000708200000, 0x0000000708200000|100%| E|CS|TAMS 0x0000000708000000| PB 0x0000000708000000| Complete 
|  31|0x0000000708200000, 0x0000000708400000, 0x0000000708400000|100%| E|CS|TAMS 0x0000000708200000| PB 0x0000000708200000| Complete 
|  32|0x0000000708400000, 0x0000000708600000, 0x0000000708600000|100%| E|CS|TAMS 0x0000000708400000| PB 0x0000000708400000| Complete 
|  33|0x0000000708600000, 0x0000000708800000, 0x0000000708800000|100%| E|CS|TAMS 0x0000000708600000| PB 0x0000000708600000| Complete 
|  34|0x0000000708800000, 0x0000000708a00000, 0x0000000708a00000|100%| E|CS|TAMS 0x0000000708800000| PB 0x0000000708800000| Complete 
|  35|0x0000000708a00000, 0x0000000708c00000, 0x0000000708c00000|100%| E|CS|TAMS 0x0000000708a00000| PB 0x0000000708a00000| Complete 
|  36|0x0000000708c00000, 0x0000000708e00000, 0x0000000708e00000|100%| E|CS|TAMS 0x0000000708c00000| PB 0x0000000708c00000| Complete 
|  37|0x0000000708e00000, 0x0000000709000000, 0x0000000709000000|100%| E|CS|TAMS 0x0000000708e00000| PB 0x0000000708e00000| Complete 
|  38|0x0000000709000000, 0x0000000709200000, 0x0000000709200000|100%| E|CS|TAMS 0x0000000709000000| PB 0x0000000709000000| Complete 
|  39|0x0000000709200000, 0x0000000709400000, 0x0000000709400000|100%| E|CS|TAMS 0x0000000709200000| PB 0x0000000709200000| Complete 
|  40|0x0000000709400000, 0x0000000709600000, 0x0000000709600000|100%| E|CS|TAMS 0x0000000709400000| PB 0x0000000709400000| Complete 
|  41|0x0000000709600000, 0x0000000709800000, 0x0000000709800000|100%| E|CS|TAMS 0x0000000709600000| PB 0x0000000709600000| Complete 
|  42|0x0000000709800000, 0x0000000709a00000, 0x0000000709a00000|100%| E|CS|TAMS 0x0000000709800000| PB 0x0000000709800000| Complete 
|  43|0x0000000709a00000, 0x0000000709c00000, 0x0000000709c00000|100%| E|CS|TAMS 0x0000000709a00000| PB 0x0000000709a00000| Complete 
|  44|0x0000000709c00000, 0x0000000709e00000, 0x0000000709e00000|100%| E|CS|TAMS 0x0000000709c00000| PB 0x0000000709c00000| Complete 
|  45|0x0000000709e00000, 0x000000070a000000, 0x000000070a000000|100%| E|CS|TAMS 0x0000000709e00000| PB 0x0000000709e00000| Complete 
|  46|0x000000070a000000, 0x000000070a200000, 0x000000070a200000|100%| E|CS|TAMS 0x000000070a000000| PB 0x000000070a000000| Complete 
|  47|0x000000070a200000, 0x000000070a400000, 0x000000070a400000|100%| E|CS|TAMS 0x000000070a200000| PB 0x000000070a200000| Complete 
|  48|0x000000070a400000, 0x000000070a600000, 0x000000070a600000|100%| E|CS|TAMS 0x000000070a400000| PB 0x000000070a400000| Complete 
|  49|0x000000070a600000, 0x000000070a800000, 0x000000070a800000|100%| E|CS|TAMS 0x000000070a600000| PB 0x000000070a600000| Complete 

Card table byte_map: [0x0000017dc8c80000,0x0000017dc9460000] _byte_map_base: 0x0000017dc545e000

Marking Bits: (CMBitMap*) 0x0000017dbcd30250
 Bits: [0x0000017dc9460000, 0x0000017dcd350000)

Polling page: 0x0000017dbc480000

Metaspace:

Usage:
  Non-class:     65.22 MB used.
      Class:     10.50 MB used.
       Both:     75.72 MB used.

Virtual space:
  Non-class space:      128.00 MB reserved,      65.62 MB ( 51%) committed,  2 nodes.
      Class space:        1.00 GB reserved,      10.81 MB (  1%) committed,  1 nodes.
             Both:        1.12 GB reserved,      76.44 MB (  7%) committed. 

Chunk freelists:
   Non-Class:  13.62 MB
       Class:  5.10 MB
        Both:  18.72 MB

MaxMetaspaceSize: unlimited
CompressedClassSpaceSize: 1.00 GB
Initial GC threshold: 21.00 MB
Current GC threshold: 126.69 MB
CDS: on
 - commit_granule_bytes: 65536.
 - commit_granule_words: 8192.
 - virtual_space_node_default_size: 8388608.
 - enlarge_chunks_in_place: 1.
 - use_allocation_guard: 0.


Internal statistics:

num_allocs_failed_limit: 6.
num_arena_births: 1700.
num_arena_deaths: 776.
num_vsnodes_births: 3.
num_vsnodes_deaths: 0.
num_space_committed: 1224.
num_space_uncommitted: 1.
num_chunks_returned_to_freelist: 968.
num_chunks_taken_from_freelist: 4687.
num_chunk_merges: 239.
num_chunk_splits: 2995.
num_chunks_enlarged: 2199.
num_inconsistent_stats: 0.

CodeCache: size=49152Kb used=17206Kb max_used=18354Kb free=31946Kb
 bounds [0x0000017dc5390000, 0x0000017dc6600000, 0x0000017dc8390000]
 total_blobs=9263 nmethods=8510 adapters=676
 compilation: enabled
              stopped_count=0, restarted_count=0
 full_count=0

Compilation events (20 events):
Event: 5756.355 Thread 0x0000017dcfe358f0 10282       1       java.io.ObjectOutputStream::writeInt (9 bytes)
Event: 5756.355 Thread 0x0000017dcfe358f0 nmethod 10282 0x0000017dc6258990 code [0x0000017dc6258b40, 0x0000017dc6258c40]
Event: 5794.178 Thread 0x0000017dcfe358f0 10284       1       java.io.ObjectInputStream$HandleTable::<init> (38 bytes)
Event: 5794.179 Thread 0x0000017dcfe358f0 nmethod 10284 0x0000017dc65f1c10 code [0x0000017dc65f1dc0, 0x0000017dc65f2190]
Event: 5794.179 Thread 0x0000017dcfe358f0 10285       1       java.io.ObjectInputStream$ValidationList::<init> (5 bytes)
Event: 5794.179 Thread 0x0000017dcfe358f0 nmethod 10285 0x0000017dc6275490 code [0x0000017dc6275620, 0x0000017dc62756e8]
Event: 5794.179 Thread 0x0000017dcfe358f0 10286       1       java.io.ObjectInputFilter$Config::getSerialFilterFactorySingleton (11 bytes)
Event: 5794.179 Thread 0x0000017dcfe358f0 nmethod 10286 0x0000017dc6278a10 code [0x0000017dc6278be0, 0x0000017dc6278d90]
Event: 5794.179 Thread 0x0000017dcfe358f0 10287       1       java.io.ObjectInputStream::readStreamHeader (61 bytes)
Event: 5794.180 Thread 0x0000017dcfe358f0 nmethod 10287 0x0000017dc65f0e10 code [0x0000017dc65f1080, 0x0000017dc65f1818]
Event: 5854.185 Thread 0x0000017dcfe358f0 10288       1       java.util.LinkedList::getLast (22 bytes)
Event: 5854.185 Thread 0x0000017dcfe358f0 nmethod 10288 0x0000017dc627ed90 code [0x0000017dc627ef40, 0x0000017dc627f0e0]
Event: 5854.185 Thread 0x0000017dcfe358f0 10289       1       java.io.ObjectInputStream$BlockDataInputStream::<init> (79 bytes)
Event: 5854.185 Thread 0x0000017dcfe358f0 nmethod 10289 0x0000017dc65f0210 code [0x0000017dc65f0400, 0x0000017dc65f0c98]
Event: 5914.190 Thread 0x0000017dcfe358f0 10290       1       java.net.ServerSocket::isBound (5 bytes)
Event: 5914.191 Thread 0x0000017dcfe358f0 nmethod 10290 0x0000017dc6287990 code [0x0000017dc6287b20, 0x0000017dc6287bf0]
Event: 5914.191 Thread 0x0000017dcfe358f0 10291       1       sun.rmi.transport.Target::getImpl (11 bytes)
Event: 5914.191 Thread 0x0000017dcfe358f0 nmethod 10291 0x0000017dc6289d90 code [0x0000017dc6289f20, 0x0000017dc628a070]
Event: 5914.191 Thread 0x0000017dcfe358f0 10292       1       sun.rmi.server.MarshalInputStream::done (53 bytes)
Event: 5914.192 Thread 0x0000017dcfe358f0 nmethod 10292 0x0000017dc65efc90 code [0x0000017dc65efe80, 0x0000017dc65f00f0]

GC Heap History (20 events):
Event: 1829.695 GC heap after
{Heap after GC invocations=23 (full 0):
 garbage-first heap   total 108544K, used 36670K [0x0000000704400000, 0x0000000800000000)
  region size 2048K, 3 young (6144K), 3 survivors (6144K)
 Metaspace       used 76567K, committed 77376K, reserved 1179648K
  class space    used 10652K, committed 11008K, reserved 1048576K
}
Event: 1853.054 GC heap before
{Heap before GC invocations=23 (full 0):
 garbage-first heap   total 108544K, used 40766K [0x0000000704400000, 0x0000000800000000)
  region size 2048K, 6 young (12288K), 3 survivors (6144K)
 Metaspace       used 76676K, committed 77504K, reserved 1179648K
  class space    used 10685K, committed 11072K, reserved 1048576K
}
Event: 1853.092 GC heap after
{Heap after GC invocations=24 (full 1):
 garbage-first heap   total 102400K, used 26672K [0x0000000704400000, 0x0000000800000000)
  region size 2048K, 0 young (0K), 0 survivors (0K)
 Metaspace       used 76232K, committed 77504K, reserved 1179648K
  class space    used 10573K, committed 11072K, reserved 1048576K
}
Event: 1855.069 GC heap before
{Heap before GC invocations=24 (full 1):
 garbage-first heap   total 102400K, used 86064K [0x0000000704400000, 0x0000000800000000)
  region size 2048K, 30 young (61440K), 0 survivors (0K)
 Metaspace       used 76653K, committed 77504K, reserved 1179648K
  class space    used 10639K, committed 11072K, reserved 1048576K
}
Event: 1855.072 GC heap after
{Heap after GC invocations=25 (full 1):
 garbage-first heap   total 102400K, used 33377K [0x0000000704400000, 0x0000000800000000)
  region size 2048K, 4 young (8192K), 4 survivors (8192K)
 Metaspace       used 76653K, committed 77504K, reserved 1179648K
  class space    used 10639K, committed 11072K, reserved 1048576K
}
Event: 2509.364 GC heap before
{Heap before GC invocations=25 (full 1):
 garbage-first heap   total 102400K, used 82529K [0x0000000704400000, 0x0000000800000000)
  region size 2048K, 28 young (57344K), 4 survivors (8192K)
 Metaspace       used 76747K, committed 77568K, reserved 1179648K
  class space    used 10661K, committed 11072K, reserved 1048576K
}
Event: 2509.375 GC heap after
{Heap after GC invocations=26 (full 1):
 garbage-first heap   total 102400K, used 36044K [0x0000000704400000, 0x0000000800000000)
  region size 2048K, 2 young (4096K), 2 survivors (4096K)
 Metaspace       used 76747K, committed 77568K, reserved 1179648K
  class space    used 10661K, committed 11072K, reserved 1048576K
}
Event: 3738.238 GC heap before
{Heap before GC invocations=26 (full 1):
 garbage-first heap   total 102400K, used 87244K [0x0000000704400000, 0x0000000800000000)
  region size 2048K, 27 young (55296K), 2 survivors (4096K)
 Metaspace       used 76747K, committed 77568K, reserved 1179648K
  class space    used 10661K, committed 11072K, reserved 1048576K
}
Event: 3738.241 GC heap after
{Heap after GC invocations=27 (full 1):
 garbage-first heap   total 102400K, used 35809K [0x0000000704400000, 0x0000000800000000)
  region size 2048K, 2 young (4096K), 2 survivors (4096K)
 Metaspace       used 76747K, committed 77568K, reserved 1179648K
  class space    used 10661K, committed 11072K, reserved 1048576K
}
Event: 4802.628 GC heap before
{Heap before GC invocations=28 (full 1):
 garbage-first heap   total 102400K, used 84961K [0x0000000704400000, 0x0000000800000000)
  region size 2048K, 27 young (55296K), 2 survivors (4096K)
 Metaspace       used 76520K, committed 77568K, reserved 1179648K
  class space    used 10606K, committed 11072K, reserved 1048576K
}
Event: 4802.632 GC heap after
{Heap after GC invocations=29 (full 1):
 garbage-first heap   total 122880K, used 36808K [0x0000000704400000, 0x0000000800000000)
  region size 2048K, 3 young (6144K), 3 survivors (6144K)
 Metaspace       used 76520K, committed 77568K, reserved 1179648K
  class space    used 10606K, committed 11072K, reserved 1048576K
}
Event: 5536.897 GC heap before
{Heap before GC invocations=29 (full 1):
 garbage-first heap   total 122880K, used 77768K [0x0000000704400000, 0x0000000800000000)
  region size 2048K, 24 young (49152K), 3 survivors (6144K)
 Metaspace       used 76603K, committed 77568K, reserved 1179648K
  class space    used 10621K, committed 11072K, reserved 1048576K
}
Event: 5536.936 GC heap after
{Heap after GC invocations=30 (full 2):
 garbage-first heap   total 102400K, used 26928K [0x0000000704400000, 0x0000000800000000)
  region size 2048K, 0 young (0K), 0 survivors (0K)
 Metaspace       used 76528K, committed 77504K, reserved 1179648K
  class space    used 10604K, committed 11072K, reserved 1048576K
}
Event: 5537.593 GC heap before
{Heap before GC invocations=30 (full 2):
 garbage-first heap   total 102400K, used 88368K [0x0000000704400000, 0x0000000800000000)
  region size 2048K, 30 young (61440K), 0 survivors (0K)
 Metaspace       used 76998K, committed 77760K, reserved 1179648K
  class space    used 10687K, committed 11072K, reserved 1048576K
}
Event: 5537.598 GC heap after
{Heap after GC invocations=31 (full 2):
 garbage-first heap   total 102400K, used 32713K [0x0000000704400000, 0x0000000800000000)
  region size 2048K, 3 young (6144K), 3 survivors (6144K)
 Metaspace       used 76998K, committed 77760K, reserved 1179648K
  class space    used 10687K, committed 11072K, reserved 1048576K
}
Event: 5539.430 GC heap before
{Heap before GC invocations=32 (full 2):
 garbage-first heap   total 102400K, used 83913K [0x0000000704400000, 0x0000000800000000)
  region size 2048K, 29 young (59392K), 3 survivors (6144K)
 Metaspace       used 77241K, committed 77952K, reserved 1179648K
  class space    used 10724K, committed 11072K, reserved 1048576K
}
Event: 5539.434 GC heap after
{Heap after GC invocations=33 (full 2):
 garbage-first heap   total 102400K, used 36140K [0x0000000704400000, 0x0000000800000000)
  region size 2048K, 3 young (6144K), 3 survivors (6144K)
 Metaspace       used 77241K, committed 77952K, reserved 1179648K
  class space    used 10724K, committed 11072K, reserved 1048576K
}
Event: 5682.190 GC heap before
{Heap before GC invocations=33 (full 2):
 garbage-first heap   total 102400K, used 81196K [0x0000000704400000, 0x0000000800000000)
  region size 2048K, 26 young (53248K), 3 survivors (6144K)
 Metaspace       used 77369K, committed 78080K, reserved 1179648K
  class space    used 10738K, committed 11072K, reserved 1048576K
}
Event: 5682.194 GC heap after
{Heap after GC invocations=34 (full 2):
 garbage-first heap   total 102400K, used 38094K [0x0000000704400000, 0x0000000800000000)
  region size 2048K, 3 young (6144K), 3 survivors (6144K)
 Metaspace       used 77369K, committed 78080K, reserved 1179648K
  class space    used 10738K, committed 11072K, reserved 1048576K
}
Event: 5991.793 GC heap before
{Heap before GC invocations=34 (full 2):
 garbage-first heap   total 102400K, used 85198K [0x0000000704400000, 0x0000000800000000)
  region size 2048K, 27 young (55296K), 3 survivors (6144K)
 Metaspace       used 77537K, committed 78272K, reserved 1179648K
  class space    used 10750K, committed 11072K, reserved 1048576K
}

Dll operation events (12 events):
Event: 0.006 Loaded shared library C:\pleiades\2023-12\java\21\bin\java.dll
Event: 0.098 Loaded shared library C:\pleiades\2023-12\java\21\bin\zip.dll
Event: 0.102 Loaded shared library C:\pleiades\2023-12\java\21\bin\instrument.dll
Event: 0.104 Loaded shared library C:\pleiades\2023-12\java\21\bin\net.dll
Event: 0.105 Loaded shared library C:\pleiades\2023-12\java\21\bin\nio.dll
Event: 0.107 Loaded shared library C:\pleiades\2023-12\java\21\bin\zip.dll
Event: 0.186 Loaded shared library C:\pleiades\2023-12\java\21\bin\jimage.dll
Event: 0.215 Loaded shared library C:\pleiades\2023-12\java\21\bin\management.dll
Event: 0.221 Loaded shared library C:\pleiades\2023-12\java\21\bin\management_ext.dll
Event: 0.336 Loaded shared library C:\pleiades\2023-12\java\21\bin\verify.dll
Event: 0.398 Loaded shared library C:\pleiades\2023-12\java\21\bin\extnet.dll
Event: 1.200 Loaded shared library C:\pleiades\2023-12\java\21\bin\sunmscapi.dll

Deoptimization events (20 events):
Event: 5756.354 Thread 0x0000017e1e1c7190 DEOPT PACKING pc=0x0000017dc60eed74 sp=0x00000051c5ffd240
Event: 5756.354 Thread 0x0000017e1e1c7190 DEOPT UNPACKING pc=0x0000017dc53e88e2 sp=0x00000051c5ffc7a8 mode 1
Event: 5756.354 Thread 0x0000017e1e1c7190 DEOPT PACKING pc=0x0000017dc640e6bc sp=0x00000051c5ffcc10
Event: 5756.354 Thread 0x0000017e1e1c7190 DEOPT UNPACKING pc=0x0000017dc53e88e2 sp=0x00000051c5ffc178 mode 1
Event: 5756.354 Thread 0x0000017e1e1c7190 DEOPT PACKING pc=0x0000017dc60eed74 sp=0x00000051c5ffcc80
Event: 5756.354 Thread 0x0000017e1e1c7190 DEOPT UNPACKING pc=0x0000017dc53e88e2 sp=0x00000051c5ffc1e8 mode 1
Event: 5756.354 Thread 0x0000017e1e1c7190 DEOPT PACKING pc=0x0000017dc60eed74 sp=0x00000051c5ffcc80
Event: 5756.354 Thread 0x0000017e1e1c7190 DEOPT UNPACKING pc=0x0000017dc53e88e2 sp=0x00000051c5ffc1e8 mode 1
Event: 5756.354 Thread 0x0000017e1e1c7190 DEOPT PACKING pc=0x0000017dc60eed74 sp=0x00000051c5ffcc80
Event: 5756.354 Thread 0x0000017e1e1c7190 DEOPT UNPACKING pc=0x0000017dc53e88e2 sp=0x00000051c5ffc1e8 mode 1
Event: 5756.354 Thread 0x0000017e1e1c7190 DEOPT PACKING pc=0x0000017dc60eed74 sp=0x00000051c5ffcc80
Event: 5756.354 Thread 0x0000017e1e1c7190 DEOPT UNPACKING pc=0x0000017dc53e88e2 sp=0x00000051c5ffc1e8 mode 1
Event: 5756.354 Thread 0x0000017e1e1c7190 DEOPT PACKING pc=0x0000017dc60eed74 sp=0x00000051c5ffcc80
Event: 5756.354 Thread 0x0000017e1e1c7190 DEOPT UNPACKING pc=0x0000017dc53e88e2 sp=0x00000051c5ffc1e8 mode 1
Event: 5756.354 Thread 0x0000017e1e1c7190 DEOPT PACKING pc=0x0000017dc60eed74 sp=0x00000051c5ffcc80
Event: 5756.354 Thread 0x0000017e1e1c7190 DEOPT UNPACKING pc=0x0000017dc53e88e2 sp=0x00000051c5ffc1e8 mode 1
Event: 5756.354 Thread 0x0000017e1e1c7190 DEOPT PACKING pc=0x0000017dc60eed74 sp=0x00000051c5ffcc80
Event: 5756.354 Thread 0x0000017e1e1c7190 DEOPT UNPACKING pc=0x0000017dc53e88e2 sp=0x00000051c5ffc1e8 mode 1
Event: 5762.509 Thread 0x0000017e1e1c0200 DEOPT PACKING pc=0x0000017dc5976ec4 sp=0x00000051c78fdeb0
Event: 5762.509 Thread 0x0000017e1e1c0200 DEOPT UNPACKING pc=0x0000017dc53e88e2 sp=0x00000051c78fd368 mode 0

Classes loaded (20 events):
Event: 1853.052 Loading class java/util/WeakHashMap$KeyIterator
Event: 1853.052 Loading class java/util/WeakHashMap$HashIterator
Event: 1853.052 Loading class java/util/WeakHashMap$HashIterator done
Event: 1853.053 Loading class java/util/WeakHashMap$KeyIterator done
Event: 1853.092 Loading class java/lang/ref/Finalizer$2
Event: 1853.092 Loading class java/lang/ref/Finalizer$2 done
Event: 1853.093 Loading class java/lang/ref/Finalizer$1
Event: 1853.093 Loading class java/lang/ref/Finalizer$1 done
Event: 1853.326 Loading class java/util/WeakHashMap$EntrySet
Event: 1853.326 Loading class java/util/WeakHashMap$EntrySet done
Event: 1853.326 Loading class java/util/WeakHashMap$EntryIterator
Event: 1853.326 Loading class java/util/WeakHashMap$EntryIterator done
Event: 1854.933 Loading class java/io/InvalidClassException
Event: 1854.933 Loading class java/io/InvalidClassException done
Event: 1855.062 Loading class java/time/DurationEditor
Event: 1855.062 Loading class java/time/DurationEditor done
Event: 4774.208 Loading class java/lang/StringEditor
Event: 4774.208 Loading class java/lang/StringEditor done
Event: 5539.262 Loading class java/lang/invoke/MethodHandleImpl$CountingWrapper$1
Event: 5539.262 Loading class java/lang/invoke/MethodHandleImpl$CountingWrapper$1 done

Classes unloaded (20 events):
Event: 5536.906 Thread 0x0000017dcfe04600 Unloading class 0x0000017dd19f5800 'java/lang/invoke/LambdaForm$MH+0x0000017dd19f5800'
Event: 5536.906 Thread 0x0000017dcfe04600 Unloading class 0x0000017dd1003400 'java/lang/invoke/LambdaForm$MH+0x0000017dd1003400'
Event: 5536.906 Thread 0x0000017dcfe04600 Unloading class 0x0000017dd1007c00 'java/lang/invoke/LambdaForm$MH+0x0000017dd1007c00'
Event: 5536.906 Thread 0x0000017dcfe04600 Unloading class 0x0000017dd1008000 'java/lang/invoke/LambdaForm$MH+0x0000017dd1008000'
Event: 5536.906 Thread 0x0000017dcfe04600 Unloading class 0x0000017dd100b800 'java/lang/invoke/LambdaForm$MH+0x0000017dd100b800'
Event: 5536.906 Thread 0x0000017dcfe04600 Unloading class 0x0000017dd10c0800 'java/lang/invoke/LambdaForm$MH+0x0000017dd10c0800'
Event: 5536.906 Thread 0x0000017dcfe04600 Unloading class 0x0000017dd10c7800 'java/lang/invoke/LambdaForm$MH+0x0000017dd10c7800'
Event: 5536.906 Thread 0x0000017dcfe04600 Unloading class 0x0000017dd10c9000 'java/lang/invoke/LambdaForm$MH+0x0000017dd10c9000'
Event: 5536.906 Thread 0x0000017dcfe04600 Unloading class 0x0000017dd10cbc00 'java/lang/invoke/LambdaForm$MH+0x0000017dd10cbc00'
Event: 5536.906 Thread 0x0000017dcfe04600 Unloading class 0x0000017dd13ecc00 'java/lang/invoke/LambdaForm$MH+0x0000017dd13ecc00'
Event: 5536.906 Thread 0x0000017dcfe04600 Unloading class 0x0000017dd13f6000 'java/lang/invoke/LambdaForm$DMH+0x0000017dd13f6000'
Event: 5536.906 Thread 0x0000017dcfe04600 Unloading class 0x0000017dd14d1800 'java/lang/invoke/LambdaForm$MH+0x0000017dd14d1800'
Event: 5536.906 Thread 0x0000017dcfe04600 Unloading class 0x0000017dd1936000 'java/lang/invoke/LambdaForm$MH+0x0000017dd1936000'
Event: 5536.906 Thread 0x0000017dcfe04600 Unloading class 0x0000017dd1abcc00 'java/lang/invoke/LambdaForm$MH+0x0000017dd1abcc00'
Event: 5537.620 Thread 0x0000017dcfe04600 Unloading class 0x0000017dd13eb000 'java/lang/invoke/LambdaForm$MH+0x0000017dd13eb000'
Event: 5537.620 Thread 0x0000017dcfe04600 Unloading class 0x0000017dd13ea000 'java/lang/invoke/LambdaForm$MH+0x0000017dd13ea000'
Event: 5537.620 Thread 0x0000017dcfe04600 Unloading class 0x0000017dd13e4c00 'java/lang/invoke/LambdaForm$MH+0x0000017dd13e4c00'
Event: 5537.620 Thread 0x0000017dcfe04600 Unloading class 0x0000017dd1934000 'jdk/internal/reflect/GeneratedSerializationConstructorAccessor48'
Event: 5537.620 Thread 0x0000017dcfe04600 Unloading class 0x0000017dd1935800 'jdk/internal/reflect/GeneratedSerializationConstructorAccessor46'
Event: 5537.620 Thread 0x0000017dcfe04600 Unloading class 0x0000017dd1958800 'jdk/internal/reflect/GeneratedSerializationConstructorAccessor45'

Classes redefined (1 events):
Event: 1851.796 Thread 0x0000017dcfe04600 redefined class name=com.example.sampleweb.authentication.UserDetailsServiceImpl, count=1

Internal exceptions (20 events):
Event: 5539.267 Thread 0x0000017e1e1c5de0 Exception <a 'java/lang/NoClassDefFoundError'{0x0000000708b43cc0}: org/flywaydb/core/Flyway> (0x0000000708b43cc0) 
thrown [s\src\hotspot\share\oops\constantPool.cpp, line 871]
Event: 5539.269 Thread 0x0000017e1e1c5de0 Exception <a 'java/lang/NoClassDefFoundError'{0x0000000708b44320}: liquibase/integration/spring/SpringLiquibase> (0x0000000708b44320) 
thrown [s\src\hotspot\share\oops\constantPool.cpp, line 871]
Event: 5539.273 Thread 0x0000017e1e1c5de0 Exception <a 'java/lang/NoClassDefFoundError'{0x0000000708baed88}: org/jooq/DSLContext> (0x0000000708baed88) 
thrown [s\src\hotspot\share\oops\constantPool.cpp, line 871]
Event: 5539.275 Thread 0x0000017e1e1c5de0 Exception <a 'java/lang/NoClassDefFoundError'{0x0000000708bbb518}: org/springframework/batch/core/repository/JobRepository> (0x0000000708bbb518) 
thrown [s\src\hotspot\share\oops\constantPool.cpp, line 871]
Event: 5539.276 Thread 0x0000017e1e1c5de0 Exception <a 'java/lang/NoClassDefFoundError'{0x0000000708bbbb70}: org/quartz/Scheduler> (0x0000000708bbbb70) 
thrown [s\src\hotspot\share\oops\constantPool.cpp, line 871]
Event: 5539.277 Thread 0x0000017e1e1c5de0 Exception <a 'java/lang/NoClassDefFoundError'{0x0000000708bbc1f0}: org/springframework/session/jdbc/JdbcIndexedSessionRepository> (0x0000000708bbc1f0) 
thrown [s\src\hotspot\share\oops\constantPool.cpp, line 871]
Event: 5539.317 Thread 0x0000017e1e1c5de0 Exception <a 'java/io/FileNotFoundException'{0x0000000708323f08}> (0x0000000708323f08) 
thrown [s\src\hotspot\share\prims\jni.cpp, line 520]
Event: 5539.454 Thread 0x0000017e1e1c2960 Exception <a 'java/lang/InterruptedException'{0x000000070a4bbe28}: sleep interrupted> (0x000000070a4bbe28) 
thrown [s\src\hotspot\share\prims\jvm.cpp, line 3074]
Event: 5539.458 Thread 0x0000017e1e1c5de0 Exception <a 'java/lang/NoClassDefFoundError'{0x000000070a464a08}: liquibase/exception/ChangeLogParseException> (0x000000070a464a08) 
thrown [s\src\hotspot\share\classfile\systemDictionary.cpp, line 301]
Event: 5539.460 Thread 0x0000017e1e1c5de0 Exception <a 'java/lang/NoClassDefFoundError'{0x000000070a477660}: org/jooq/DSLContext> (0x000000070a477660) 
thrown [s\src\hotspot\share\oops\constantPool.cpp, line 871]
Event: 5539.463 Thread 0x0000017e1e1c5de0 Exception <a 'java/lang/NoClassDefFoundError'{0x000000070a477f88}: io/r2dbc/spi/ConnectionFactory> (0x000000070a477f88) 
thrown [s\src\hotspot\share\oops\constantPool.cpp, line 871]
Event: 5681.992 Thread 0x0000017e1e1c0200 Exception <a 'sun/nio/fs/WindowsException'{0x00000007098f1aa8}> (0x00000007098f1aa8) 
thrown [s\src\hotspot\share\prims\jni.cpp, line 520]
Event: 5682.164 Thread 0x0000017e1e1c0200 Exception <a 'java/lang/NoClassDefFoundError'{0x0000000707c62220}: org/flywaydb/core/Flyway> (0x0000000707c62220) 
thrown [s\src\hotspot\share\oops\constantPool.cpp, line 871]
Event: 5682.166 Thread 0x0000017e1e1c0200 Exception <a 'java/lang/NoClassDefFoundError'{0x0000000707c62880}: liquibase/integration/spring/SpringLiquibase> (0x0000000707c62880) 
thrown [s\src\hotspot\share\oops\constantPool.cpp, line 871]
Event: 5682.171 Thread 0x0000017e1e1c0200 Exception <a 'java/lang/NoClassDefFoundError'{0x0000000707ccd5b8}: org/jooq/DSLContext> (0x0000000707ccd5b8) 
thrown [s\src\hotspot\share\oops\constantPool.cpp, line 871]
Event: 5682.173 Thread 0x0000017e1e1c0200 Exception <a 'java/lang/NoClassDefFoundError'{0x0000000707cd9d48}: org/springframework/batch/core/repository/JobRepository> (0x0000000707cd9d48) 
thrown [s\src\hotspot\share\oops\constantPool.cpp, line 871]
Event: 5682.174 Thread 0x0000017e1e1c0200 Exception <a 'java/lang/NoClassDefFoundError'{0x0000000707cda3a0}: org/quartz/Scheduler> (0x0000000707cda3a0) 
thrown [s\src\hotspot\share\oops\constantPool.cpp, line 871]
Event: 5682.175 Thread 0x0000017e1e1c0200 Exception <a 'java/lang/NoClassDefFoundError'{0x0000000707cdaa20}: org/springframework/session/jdbc/JdbcIndexedSessionRepository> (0x0000000707cdaa20) 
thrown [s\src\hotspot\share\oops\constantPool.cpp, line 871]
Event: 5682.211 Thread 0x0000017e1e1c0200 Exception <a 'java/io/FileNotFoundException'{0x000000070a22a628}> (0x000000070a22a628) 
thrown [s\src\hotspot\share\prims\jni.cpp, line 520]
Event: 5756.355 Thread 0x0000017e1e1c7190 Exception <a 'java/lang/NoSuchMethodError'{0x000000070887ec20}: static [B.<clinit>()V> (0x000000070887ec20) 
thrown [s\src\hotspot\share\prims\jni.cpp, line 1106]

ZGC Phase Switch (0 events):
No events

VM Operations (20 events):
Event: 5682.461 Executing VM operation: get/set locals done
Event: 5683.462 Executing VM operation: Cleanup
Event: 5683.462 Executing VM operation: Cleanup done
Event: 5729.700 Executing VM operation: HandshakeAllThreads (HandshakeForDeflation)
Event: 5729.700 Executing VM operation: HandshakeAllThreads (HandshakeForDeflation) done
Event: 5729.700 Executing VM operation: RendezvousGCThreads
Event: 5729.700 Executing VM operation: RendezvousGCThreads done
Event: 5756.916 Executing VM operation: Cleanup
Event: 5756.916 Executing VM operation: Cleanup done
Event: 5762.509 Executing VM operation: ChangeSingleStep
Event: 5762.509 Executing VM operation: ChangeSingleStep done
Event: 5762.509 Executing VM operation: ChangeSingleStep
Event: 5762.509 Executing VM operation: ChangeSingleStep done
Event: 5762.551 Executing VM operation: get/set locals
Event: 5762.551 Executing VM operation: get/set locals done
Event: 5762.552 Executing VM operation: get/set locals
Event: 5762.552 Executing VM operation: get/set locals done
Event: 5762.552 Executing VM operation: get/set locals
Event: 5762.552 Executing VM operation: get/set locals done
Event: 5991.793 Executing VM operation: G1CollectForAllocation (G1 Evacuation Pause)

Events (20 events):
Event: 5539.451 Thread 0x0000017e1e1c6470 Thread exited: 0x0000017e1e1c6470
Event: 5539.454 Thread 0x0000017e1e1c2960 Thread exited: 0x0000017e1e1c2960
Event: 5539.454 Thread 0x0000017e1e1c0200 Thread exited: 0x0000017e1e1c0200
Event: 5539.454 Thread 0x0000017e1e1c43a0 Thread exited: 0x0000017e1e1c43a0
Event: 5539.466 Thread 0x0000017e1e1c5de0 Thread exited: 0x0000017e1e1c5de0
Event: 5539.466 Thread 0x0000017e1e1c0f20 Thread added: 0x0000017e1e1c0f20
Event: 5544.478 Thread 0x0000017e1e28b0c0 Thread exited: 0x0000017e1e28b0c0
Event: 5549.490 Thread 0x0000017e150ef9a0 Thread exited: 0x0000017e150ef9a0
Event: 5549.490 Thread 0x0000017e150eec00 Thread exited: 0x0000017e150eec00
Event: 5681.980 Thread 0x0000017e1e1c0200 Thread added: 0x0000017e1e1c0200
Event: 5682.017 Thread 0x0000017e1e1c7820 Thread added: 0x0000017e1e1c7820
Event: 5682.038 Thread 0x0000017e1e1c7820 Thread exited: 0x0000017e1e1c7820
Event: 5682.225 Thread 0x0000017e1e1c6b00 Thread added: 0x0000017e1e1c6b00
Event: 5682.226 Thread 0x0000017e1e1c3d10 Thread added: 0x0000017e1e1c3d10
Event: 5682.226 Thread 0x0000017e1e1c7820 Thread added: 0x0000017e1e1c7820
Event: 5682.250 Thread 0x0000017e1e1c6470 Thread added: 0x0000017e1e1c6470
Event: 5682.278 Thread 0x0000017e150ef9a0 Thread added: 0x0000017e150ef9a0
Event: 5682.359 Thread 0x0000017e1e1c3680 Thread added: 0x0000017e1e1c3680
Event: 5687.755 Thread 0x0000017e150ef9a0 Thread exited: 0x0000017e150ef9a0
Event: 5687.786 Thread 0x0000017e1e1c3680 Thread exited: 0x0000017e1e1c3680


Dynamic libraries:
0x00007ff768cb0000 - 0x00007ff768cbe000 	C:\pleiades\2023-12\java\21\bin\javaw.exe
0x00007ff84e030000 - 0x00007ff84e247000 	C:\WINDOWS\SYSTEM32\ntdll.dll
0x00007ff84d1d0000 - 0x00007ff84d294000 	C:\WINDOWS\System32\KERNEL32.DLL
0x00007ff84b870000 - 0x00007ff84bc1d000 	C:\WINDOWS\System32\KERNELBASE.dll
0x00007ff84bc50000 - 0x00007ff84bd61000 	C:\WINDOWS\System32\ucrtbase.dll
0x00007ff847230000 - 0x00007ff847248000 	C:\pleiades\2023-12\java\21\bin\jli.dll
0x00007ff846360000 - 0x00007ff84637b000 	C:\pleiades\2023-12\java\21\bin\VCRUNTIME140.dll
0x00007ff84c5d0000 - 0x00007ff84c77e000 	C:\WINDOWS\System32\USER32.dll
0x00007ff84b840000 - 0x00007ff84b866000 	C:\WINDOWS\System32\win32u.dll
0x00007ff831090000 - 0x00007ff831323000 	C:\WINDOWS\WinSxS\amd64_microsoft.windows.common-controls_6595b64144ccf1df_6.0.22621.3672_none_2713b9d173822955\COMCTL32.dll
0x00007ff84d400000 - 0x00007ff84d429000 	C:\WINDOWS\System32\GDI32.dll
0x00007ff84b510000 - 0x00007ff84b629000 	C:\WINDOWS\System32\gdi32full.dll
0x00007ff84c900000 - 0x00007ff84c9a7000 	C:\WINDOWS\System32\msvcrt.dll
0x00007ff84b7a0000 - 0x00007ff84b83a000 	C:\WINDOWS\System32\msvcp_win.dll
0x00007ff84d2a0000 - 0x00007ff84d2d1000 	C:\WINDOWS\System32\IMM32.DLL
0x00007ff846960000 - 0x00007ff84696c000 	C:\pleiades\2023-12\java\21\bin\vcruntime140_1.dll
0x00007ff839950000 - 0x00007ff8399de000 	C:\pleiades\2023-12\java\21\bin\msvcp140.dll
0x00007fffc8a70000 - 0x00007fffc97f3000 	C:\pleiades\2023-12\java\21\bin\server\jvm.dll
0x00007ff84dd50000 - 0x00007ff84de02000 	C:\WINDOWS\System32\ADVAPI32.dll
0x00007ff84d080000 - 0x00007ff84d129000 	C:\WINDOWS\System32\sechost.dll
0x00007ff84bc20000 - 0x00007ff84bc48000 	C:\WINDOWS\System32\bcrypt.dll
0x00007ff84d2e0000 - 0x00007ff84d3f4000 	C:\WINDOWS\System32\RPCRT4.dll
0x00007ff84cf20000 - 0x00007ff84cf91000 	C:\WINDOWS\System32\WS2_32.dll
0x00007ff84b220000 - 0x00007ff84b26d000 	C:\WINDOWS\SYSTEM32\POWRPROF.dll
0x00007ff845dc0000 - 0x00007ff845dca000 	C:\WINDOWS\SYSTEM32\VERSION.dll
0x00007ff846740000 - 0x00007ff846774000 	C:\WINDOWS\SYSTEM32\WINMM.dll
0x00007ff84b150000 - 0x00007ff84b163000 	C:\WINDOWS\SYSTEM32\UMPDC.dll
0x00007ff84a390000 - 0x00007ff84a3a8000 	C:\WINDOWS\SYSTEM32\kernel.appcore.dll
0x00007ff846900000 - 0x00007ff84690a000 	C:\pleiades\2023-12\java\21\bin\jimage.dll
0x00007ff836ca0000 - 0x00007ff836ed2000 	C:\WINDOWS\SYSTEM32\DBGHELP.DLL
0x00007ff84cb90000 - 0x00007ff84cf18000 	C:\WINDOWS\System32\combase.dll
0x00007ff84d430000 - 0x00007ff84d507000 	C:\WINDOWS\System32\OLEAUT32.dll
0x00007ff835f60000 - 0x00007ff835f92000 	C:\WINDOWS\SYSTEM32\dbgcore.DLL
0x00007ff84b360000 - 0x00007ff84b3db000 	C:\WINDOWS\System32\bcryptPrimitives.dll
0x00007ff839e90000 - 0x00007ff839ecc000 	C:\pleiades\2023-12\java\21\bin\jdwp.dll
0x00007ff845eb0000 - 0x00007ff845ebf000 	C:\pleiades\2023-12\java\21\bin\instrument.dll
0x00007ff839f50000 - 0x00007ff839f6f000 	C:\pleiades\2023-12\java\21\bin\java.dll
0x00007ff84bd70000 - 0x00007ff84c5cf000 	C:\WINDOWS\System32\SHELL32.dll
0x00007ff849200000 - 0x00007ff849afc000 	C:\WINDOWS\SYSTEM32\windows.storage.dll
0x00007ff849090000 - 0x00007ff8491cf000 	C:\WINDOWS\SYSTEM32\wintypes.dll
0x00007ff84c7e0000 - 0x00007ff84c8d4000 	C:\WINDOWS\System32\SHCORE.dll
0x00007ff84d020000 - 0x00007ff84d07e000 	C:\WINDOWS\System32\shlwapi.dll
0x00007ff84b290000 - 0x00007ff84b2b1000 	C:\WINDOWS\SYSTEM32\profapi.dll
0x00007ff845ea0000 - 0x00007ff845eac000 	C:\pleiades\2023-12\java\21\bin\dt_socket.dll
0x00007ff849c20000 - 0x00007ff849c4d000 	C:\WINDOWS\SYSTEM32\IPHLPAPI.DLL
0x00007ff84a800000 - 0x00007ff84a869000 	C:\WINDOWS\system32\mswsock.dll
0x00007ff849c50000 - 0x00007ff849d48000 	C:\WINDOWS\SYSTEM32\DNSAPI.dll
0x00007ff84d130000 - 0x00007ff84d139000 	C:\WINDOWS\System32\NSI.dll
0x00007ff846ce0000 - 0x00007ff846cea000 	C:\Windows\System32\rasadhlp.dll
0x00007ff8477e0000 - 0x00007ff847863000 	C:\WINDOWS\System32\fwpuclnt.dll
0x00007ff839e70000 - 0x00007ff839e88000 	C:\pleiades\2023-12\java\21\bin\zip.dll
0x00007ff839f40000 - 0x00007ff839f50000 	C:\pleiades\2023-12\java\21\bin\net.dll
0x00007ff847910000 - 0x00007ff847a46000 	C:\WINDOWS\SYSTEM32\WINHTTP.dll
0x00007ff82abb0000 - 0x00007ff82abc6000 	C:\pleiades\2023-12\java\21\bin\nio.dll
0x00007ff839f00000 - 0x00007ff839f0a000 	C:\pleiades\2023-12\java\21\bin\management.dll
0x00007ff839a80000 - 0x00007ff839a8b000 	C:\pleiades\2023-12\java\21\bin\management_ext.dll
0x00007ff84dc90000 - 0x00007ff84dc98000 	C:\WINDOWS\System32\PSAPI.DLL
0x00007ff82faa0000 - 0x00007ff82fab7000 	C:\WINDOWS\system32\napinsp.dll
0x00007ff82fa80000 - 0x00007ff82fa9b000 	C:\WINDOWS\system32\pnrpnsp.dll
0x00007ff82fa60000 - 0x00007ff82fa71000 	C:\WINDOWS\System32\winrnr.dll
0x00007ff82fa40000 - 0x00007ff82fa55000 	C:\WINDOWS\system32\wshbth.dll
0x00007ff82fa10000 - 0x00007ff82fa37000 	C:\WINDOWS\system32\nlansp_c.dll
0x00007ff8398f0000 - 0x00007ff839900000 	C:\pleiades\2023-12\java\21\bin\verify.dll
0x00007ff84aa60000 - 0x00007ff84aa7b000 	C:\WINDOWS\SYSTEM32\CRYPTSP.dll
0x00007ff84a2f0000 - 0x00007ff84a325000 	C:\WINDOWS\system32\rsaenh.dll
0x00007ff84a900000 - 0x00007ff84a928000 	C:\WINDOWS\SYSTEM32\USERENV.dll
0x00007ff84aa80000 - 0x00007ff84aa8c000 	C:\WINDOWS\SYSTEM32\CRYPTBASE.dll
0x00007ff832be0000 - 0x00007ff832be9000 	C:\pleiades\2023-12\java\21\bin\extnet.dll
0x00007ff832640000 - 0x00007ff83264e000 	C:\pleiades\2023-12\java\21\bin\sunmscapi.dll
0x00007ff84b630000 - 0x00007ff84b797000 	C:\WINDOWS\System32\CRYPT32.dll
0x00007ff84abc0000 - 0x00007ff84abee000 	C:\WINDOWS\SYSTEM32\ncrypt.dll
0x00007ff84ab80000 - 0x00007ff84abb7000 	C:\WINDOWS\SYSTEM32\NTASN1.dll
0x00007ff8001d0000 - 0x00007ff8001d8000 	C:\WINDOWS\system32\wshunix.dll

dbghelp: loaded successfully - version: 4.0.5 - missing functions: none
symbol engine: initialized successfully - sym options: 0x614 - pdb path: .;C:\pleiades\2023-12\java\21\bin;C:\WINDOWS\SYSTEM32;C:\WINDOWS\WinSxS\amd64_microsoft.windows.common-controls_6595b64144ccf1df_6.0.22621.3672_none_2713b9d173822955;C:\pleiades\2023-12\java\21\bin\server

VM Arguments:
jvm_args: -XX:+ShowCodeDetailsInExceptionMessages -agentlib:jdwp=transport=dt_socket,suspend=y,address=localhost:59911 -Dcom.sun.management.jmxremote -Dcom.sun.management.jmxremote.port=59910 -Dcom.sun.management.jmxremote.authenticate=false -Dcom.sun.management.jmxremote.ssl=false -Djava.rmi.server.hostname=localhost -Dspring.jmx.enabled=true -Dmanagement.endpoints.jmx.exposure.include=* -Dspring.application.admin.enabled=true -XX:TieredStopAtLevel=1 -Dspring.boot.project.name=sampleweb -javaagent:C:\pleiades\2023-12\eclipse\configuration\org.eclipse.osgi\249\0\.cp\lib\javaagent-shaded.jar -Dfile.encoding=UTF-8 -Dstdout.encoding=UTF-8 -Dstderr.encoding=UTF-8 
java_command: com.example.sampleweb.SamplewebApplication --spring.output.ansi.enabled=always
java_class_path (initial): C:\pleiades\2023-12\workspace\sampleweb\target\classes;C:\Users\k-suzuki\.m2\repository\org\springframework\boot\spring-boot-starter-thymeleaf\3.3.1\spring-boot-starter-thymeleaf-3.3.1.jar;C:\Users\k-suzuki\.m2\repository\org\springframework\boot\spring-boot-starter\3.3.1\spring-boot-starter-3.3.1.jar;C:\Users\k-suzuki\.m2\repository\org\springframework\boot\spring-boot-starter-logging\3.3.1\spring-boot-starter-logging-3.3.1.jar;C:\Users\k-suzuki\.m2\repository\ch\qos\logback\logback-classic\1.5.6\logback-classic-1.5.6.jar;C:\Users\k-suzuki\.m2\repository\ch\qos\logback\logback-core\1.5.6\logback-core-1.5.6.jar;C:\Users\k-suzuki\.m2\repository\org\apache\logging\log4j\log4j-to-slf4j\2.23.1\log4j-to-slf4j-2.23.1.jar;C:\Users\k-suzuki\.m2\repository\org\apache\logging\log4j\log4j-api\2.23.1\log4j-api-2.23.1.jar;C:\Users\k-suzuki\.m2\repository\org\slf4j\jul-to-slf4j\2.0.13\jul-to-slf4j-2.0.13.jar;C:\Users\k-suzuki\.m2\repository\jakarta\annotation\jakarta.annotation-api\2.1.1\jakarta.annotation-api-2.1.1.jar;C:\Users\k-suzuki\.m2\repository\org\yaml\snakeyaml\2.2\snakeyaml-2.2.jar;C:\Users\k-suzuki\.m2\repository\org\thymeleaf\thymeleaf-spring6\3.1.2.RELEASE\thymeleaf-spring6-3.1.2.RELEASE.jar;C:\Users\k-suzuki\.m2\repository\org\thymeleaf\thymeleaf\3.1.2.RELEASE\thymeleaf-3.1.2.RELEASE.jar;C:\Users\k-suzuki\.m2\repository\org\attoparser\attoparser\2.0.7.RELEASE\attoparser-2.0.7.RELEASE.jar;C:\Users\k-suzuki\.m2\repository\org\unbescape\unbescape\1.1.6.RELEASE\unbescape-1.1.6.RELEASE.jar;C:\Users\k-suzuki\.m2\repository\org\springframework\boot\spring-boot-starter-validation\3.3.1\spring-boot-starter-validation-3.3.1.jar;C:\Users\k-suzuki\.m2\repository\org\apache\tomcat\embed\tomcat-embed-el\10.1.25\tomcat-embed-el-10.1.25.jar;C:\Users\k-suzuki\.m2\repository\org\hibernate\validator\hibernate-validator\8.0.1.Final\hibernate-validator-8.0.1.Final.jar;C:\Users\k-suzuki\.m2\repository\jakarta\validation\jakarta.validation-api\3.0.2\jakarta.validation-api-3.0.2.jar;C:\Users\k-suzuki\.m2\repository\org\jboss\logging\jboss-logging\3.5.3.Final\jboss-logging-3.5.3.Final.jar;C:\Users\k-suzuki\.m2\repository\com\fasterxml\classmate\1.7.0\classmate-1.7.0.jar;C:\Users\k-suzuki\.m2\repository\org\springframework\boot\spring-boot-starter-web\3.3.1\spring-boot-starter-web-3.3.1.jar;C:\Users\k-suzuki\.m2\repository\org\springframework\boot\spring-boot-starter-json\3.3.1\spring-boot-starter-json-3.3.1.jar;C:\Users\k-suzuki\.m2\repository\com\fasterxml\jackson\core\jackson-databind\2.17.1\jackson-databind-2.17.1.jar;C:\Users\k-suzuki\.m2\repository\com\fasterxml\jackson\core\jackson-annotations\2.17.1\jackson-annotations-2.17.1.jar;C:\Users\k-suzuki\.m2\repository\com\fasterxml\jackson\core\jackson-core\2.17.1\jackson-core-2.17.1.jar;C:\Users\k-suzuki\.m2\repository\com\fasterxml\jackson\datatype\jackson-datatype-jdk8\2.17.1\jackson-datatype-jdk8-2.17.1.jar;C:\Users\k-suzuki\.m2\repository\com\fasterxml\jackson\datatype\jackson-datatype-jsr310\2.17.1\jackson-datatype-jsr310-2.17.1.jar;C:\Users\k-suzuki\.m2\repository\com\fasterxml\jackson\module\jackson-module-parameter-names\2.17.1\jackson-module-parameter-names-2.17.1.jar;C:\Users\k-suzuki\.m2\repository\org\springframework\boot\spring-boot-starter-tomcat\3.3.1\spring-boot-starter-tomcat-3.3.1.jar;C:\Users\k-suzuki\.m2\repository\org\apache\tomcat\embed\tomcat-embed-core\10.1.25\tomcat-embed-core-10.1.25.jar;C:\Users\k-suzuki\.m2\repository\org\apache\tomcat\embed\tomcat-embed-websocket\10.1.25\tomcat-embed-websocket-10.1.25.jar;C:\Users\k-suzuki\.m2\repository\org\springframework\spring-web\6.1.10\spring-web-6.1.10.jar;C:\Users\k-suzuki\.m2\repository\org\springframework\spring-webmvc\6.1.10\spring-webmvc-6.1.10.jar;C:\Users\k-suzuki\.m2\repository\org\springframework\boot\spring-boot-devtools\3.3.1\spring-boot-devtools-3.3.1.jar;C:\Users\k-suzuki\.m2\repository\org\springframework\boot\spring-boot\3.3.1\spring-boot-3.3.1.jar;C:\Users\k-suzuki\.m2\repository\org\springframework\boot\spring-boot-autoconfigure\3.3.1\spring-boot-autoconfigure-3.3.1.jar;C:\Users\k-suzuki\.m2\repository\com\mysql\mysql-connector-j\8.3.0\mysql-connector-j-8.3.0.jar;C:\Users\k-suzuki\.m2\repository\org\projectlombok\lombok\1.18.32\lombok-1.18.32.jar;C:\Users\k-suzuki\.m2\repository\jakarta\xml\bind\jakarta.xml.bind-api\4.0.2\jakarta.xml.bind-api-4.0.2.jar;C:\Users\k-suzuki\.m2\repository\jakarta\activation\jakarta.activation-api\2.1.3\jakarta.activation-api-2.1.3.jar;C:\Users\k-suzuki\.m2\repository\net\bytebuddy\byte-buddy\1.14.17\byte-buddy-1.14.17.jar;C:\Users\k-suzuki\.m2\repository\org\springframework\spring-core\6.1.10\spring-core-6.1.10.jar;C:\Users\k-suzuki\.m2\repository\org\springframework\spring-jcl\6.1.10\spring-jcl-6.1.10.jar;C:\Users\k-suzuki\.m2\repository\org\springframework\boot\spring-boot-starter-data-jpa\3.3.1\spring-boot-starter-data-jpa-3.3.1.jar;C:\Users\k-suzuki\.m2\repository\org\springframework\boot\spring-boot-starter-aop\3.3.1\spring-boot-starter-aop-3.3.1.jar;C:\Users\k-suzuki\.m2\repository\org\aspectj\aspectjweaver\1.9.22\aspectjweaver-1.9.22.jar;C:\Users\k-suzuki\.m2\repository\org\hibernate\orm\hibernate-core\6.5.2.Final\hibernate-core-6.5.2.Final.jar;C:\Users\k-suzuki\.m2\repository\jakarta\persistence\jakarta.persistence-api\3.1.0\jakarta.persistence-api-3.1.0.jar;C:\Users\k-suzuki\.m2\repository\jakarta\transaction\jakarta.transaction-api\2.0.1\jakarta.transaction-api-2.0.1.jar;C:\Users\k-suzuki\.m2\repository\org\hibernate\common\hibernate-commons-annotations\6.0.6.Final\hibernate-commons-annotations-6.0.6.Final.jar;C:\Users\k-suzuki\.m2\repository\io\smallrye\jandex\3.1.2\jandex-3.1.2.jar;C:\Users\k-suzuki\.m2\repository\org\glassfish\jaxb\jaxb-runtime\4.0.5\jaxb-runtime-4.0.5.jar;C:\Users\k-suzuki\.m2\repository\org\glassfish\jaxb\jaxb-core\4.0.5\jaxb-core-4.0.5.jar;C:\Users\k-suzuki\.m2\repository\org\eclipse\angus\angus-activation\2.0.2\angus-activation-2.0.2.jar;C:\Users\k-suzuki\.m2\repository\org\glassfish\jaxb\txw2\4.0.5\txw2-4.0.5.jar;C:\Users\k-suzuki\.m2\repository\com\sun\istack\istack-commons-runtime\4.1.2\istack-commons-runtime-4.1.2.jar;C:\Users\k-suzuki\.m2\repository\jakarta\inject\jakarta.inject-api\2.0.1\jakarta.inject-api-2.0.1.jar;C:\Users\k-suzuki\.m2\repository\org\antlr\antlr4-runtime\4.13.0\antlr4-runtime-4.13.0.jar;C:\Users\k-suzuki\.m2\repository\org\springframework\data\spring-data-jpa\3.3.1\spring-data-jpa-3.3.1.jar;C:\Users\k-suzuki\.m2\repository\org\springframework\data\spring-data-commons\3.3.1\spring-data-commons-3.3.1.jar;C:\Users\k-suzuki\.m2\repository\org\springframework\spring-orm\6.1.10\spring-orm-6.1.10.jar;C:\Users\k-suzuki\.m2\repository\org\springframework\spring-tx\6.1.10\spring-tx-6.1.10.jar;C:\Users\k-suzuki\.m2\repository\org\springframework\spring-aspects\6.1.10\spring-aspects-6.1.10.jar;C:\Users\k-suzuki\.m2\repository\org\springframework\security\spring-security-core\6.3.1\spring-security-core-6.3.1.jar;C:\Users\k-suzuki\.m2\repository\org\springframework\security\spring-security-crypto\6.3.1\spring-security-crypto-6.3.1.jar;C:\Users\k-suzuki\.m2\repository\org\springframework\spring-aop\6.1.10\spring-aop-6.1.10.jar;C:\Users\k-suzuki\.m2\repository\org\springframework\spring-beans\6.1.10\spring-beans-6.1.10.jar;C:\Users\k-suzuki\.m2\repository\org\springframework\spring-context\6.1.10\spring-context-6.1.10.jar;C:\Users\k-suzuki\.m2\repository\org\springframework\spring-expression\6.1.10\spring-expression-6.1.10.jar;C:\Users\k-suzuki\.m2\repository\io\micrometer\micrometer-observation\1.13.1\micrometer-observation-1.13.1.jar;C:\Users\k-suzuki\.m2\repository\io\micrometer\micrometer-commons\1.13.1\micrometer-commons-1.13.1.jar;C:\Users\k-suzuki\.m2\repository\net\sf\dozer\dozer\5.5.1\dozer-5.5.1.jar;C:\Users\k-suzuki\.m2\repository\commons-beanutils\commons-beanutils\1.9.1\commons-beanutils-1.9.1.jar;C:\Users\k-suzuki\.m2\repository\commons-collections\commons-collections\3.2.1\commons-collections-3.2.1.jar;C:\Users\k-suzuki\.m2\repository\org\apache\commons\commons-lang3\3.14.0\commons-lang3-3.14.0.jar;C:\Users\k-suzuki\.m2\repository\org\slf4j\slf4j-api\2.0.13\slf4j-api-2.0.13.jar;C:\Users\k-suzuki\.m2\repository\org\slf4j\jcl-over-slf4j\2.0.13\jcl-over-slf4j-2.0.13.jar;C:\Users\k-suzuki\.m2\repository\org\webjars\bootstrap\5.3.3\bootstrap-5.3.3.jar;C:\Users\k-suzuki\.m2\repository\org\webjars\jquery\3.7.1\jquery-3.7.1.jar;C:\Users\k-suzuki\.m2\repository\org\springframework\boot\spring-boot-starter-jdbc\3.3.1\spring-boot-starter-jdbc-3.3.1.jar;C:\Users\k-suzuki\.m2\repository\com\zaxxer\HikariCP\5.1.0\HikariCP-5.1.0.jar;C:\Users\k-suzuki\.m2\repository\org\springframework\spring-jdbc\6.1.10\spring-jdbc-6.1.10.jar;C:\Users\k-suzuki\.m2\repository\org\springframework\boot\spring-boot-starter-security\3.3.1\spring-boot-starter-security-3.3.1.jar;C:\Users\k-suzuki\.m2\repository\org\springframework\security\spring-security-config\6.3.1\spring-security-config-6.3.1.jar;C:\Users\k-suzuki\.m2\repository\org\springframework\security\spring-security-web\6.3.1\spring-security-web-6.3.1.jar
Launcher Type: SUN_STANDARD

[Global flags]
     intx CICompilerCount                          = 4                                         {product} {ergonomic}
     uint ConcGCThreads                            = 2                                         {product} {ergonomic}
     uint G1ConcRefinementThreads                  = 8                                         {product} {ergonomic}
   size_t G1HeapRegionSize                         = 2097152                                   {product} {ergonomic}
    uintx GCDrainStackTargetSize                   = 64                                        {product} {ergonomic}
   size_t InitialHeapSize                          = 264241152                                 {product} {ergonomic}
     bool ManagementServer                         = true                                      {product} {command line}
   size_t MarkStackSize                            = 4194304                                   {product} {ergonomic}
   size_t MaxHeapSize                              = 4223664128                                {product} {ergonomic}
   size_t MaxNewSize                               = 2533359616                                {product} {ergonomic}
   size_t MinHeapDeltaBytes                        = 2097152                                   {product} {ergonomic}
   size_t MinHeapSize                              = 8388608                                   {product} {ergonomic}
    uintx NonNMethodCodeHeapSize                   = 4096                                   {pd product} {ergonomic}
    uintx NonProfiledCodeHeapSize                  = 0                                      {pd product} {ergonomic}
     bool ProfileInterpreter                       = false                                  {pd product} {command line}
    uintx ProfiledCodeHeapSize                     = 0                                      {pd product} {ergonomic}
     bool ShowCodeDetailsInExceptionMessages       = true                                   {manageable} {command line}
   size_t SoftMaxHeapSize                          = 4223664128                             {manageable} {ergonomic}
     intx TieredStopAtLevel                        = 1                                         {product} {command line}
     bool UseCompressedOops                        = true                           {product lp64_product} {ergonomic}
     bool UseG1GC                                  = true                                      {product} {ergonomic}
     bool UseLargePagesIndividualAllocation        = false                                  {pd product} {ergonomic}

Logging:
Log output configuration:
 #0: stdout all=warning uptime,level,tags foldmultilines=false
 #1: stderr all=off uptime,level,tags foldmultilines=false

Environment Variables:
PATH=C:/pleiades/2023-12/java/17/bin/server;C:/pleiades/2023-12/java/17/bin;C:\WINDOWS\system32;C:\WINDOWS;C:\WINDOWS\System32\Wbem;C:\WINDOWS\System32\WindowsPowerShell\v1.0\;C:\WINDOWS\System32\OpenSSH\;C:\Program Files\dotnet\;C:\Users\k-suzuki\AppData\Local\Microsoft\WindowsApps;C:\pleiades\2023-12\eclipse;
USERNAME=k-suzuki
OS=Windows_NT
PROCESSOR_IDENTIFIER=Intel64 Family 6 Model 140 Stepping 1, GenuineIntel
TMP=C:\Users\k-suzuki\AppData\Local\Temp
TEMP=C:\Users\k-suzuki\AppData\Local\Temp




Periodic native trim disabled

---------------  S Y S T E M  ---------------

OS:
 Windows 11 , 64 bit Build 22621 (10.0.22621.3672)
OS uptime: 0 days 5:54 hours

CPU: total 8 (initial active 8) (4 cores per cpu, 2 threads per core) family 6 model 140 stepping 1 microcode 0xb4, cx8, cmov, fxsr, ht, mmx, 3dnowpref, sse, sse2, sse3, ssse3, sse4.1, sse4.2, popcnt, lzcnt, tsc, tscinvbit, avx, avx2, aes, erms, clmul, bmi1, bmi2, adx, avx512f, avx512dq, avx512cd, avx512bw, avx512vl, sha, fma, vzeroupper, avx512_vpopcntdq, avx512_vpclmulqdq, avx512_vaes, avx512_vnni, clflush, clflushopt, clwb, avx512_vbmi2, avx512_vbmi, rdtscp, rdpid, fsrm, gfni, avx512_bitalg, f16c, pku, cet_ibt, cet_ss, avx512_ifma
Processor Information for all 8 processors :
  Max Mhz: 2803, Current Mhz: 2803, Mhz Limit: 2803

Memory: 4k page, system-wide physical 16106M (7981M free)
TotalPageFile size 18538M (AvailPageFile size 8257M)
current process WorkingSet (physical memory assigned to process): 291M, peak: 307M
current process commit charge ("private bytes"): 330M, peak: 370M

vm_info: OpenJDK 64-Bit Server VM (21.0.2+13-LTS) for windows-amd64 JRE (21.0.2+13-LTS), built on 2024-01-16T00:00:00Z by "admin" with unknown MS VC++:1937

END.
